<html>
<head>
<title>TestNG:  Test</title>
<link href="../testng.css" rel="stylesheet" type="text/css" />
<link href="../my-testng.css" rel="stylesheet" type="text/css" />

<style type="text/css">
.log { display: none;} 
.stack-trace { display: none;} 
</style>
<script type="text/javascript">
<!--
function flip(e) {
  current = e.style.display;
  if (current == 'block') {
    e.style.display = 'none';
    return 0;
  }
  else {
    e.style.display = 'block';
    return 1;
  }
}

function toggleBox(szDivId, elem, msg1, msg2)
{
  var res = -1;  if (document.getElementById) {
    res = flip(document.getElementById(szDivId));
  }
  else if (document.all) {
    // this is the way old msie versions work
    res = flip(document.all[szDivId]);
  }
  if(elem) {
    if(res == 0) elem.innerHTML = msg1; else elem.innerHTML = msg2;
  }

}

function toggleAllBoxes() {
  if (document.getElementsByTagName) {
    d = document.getElementsByTagName('div');
    for (i = 0; i < d.length; i++) {
      if (d[i].className == 'log') {
        flip(d[i]);
      }
    }
  }
}

// -->
</script>

</head>
<body>
<h2 align='center'>Test</h2><table border='1' align="center">
<tr>
<td>Tests passed/Failed/Skipped:</td><td>0/0/4</td>
</tr><tr>
<td>Started on:</td><td>Mon Jan 11 02:22:17 GMT+01:00 2021</td>
</tr>
<tr><td>Total time:</td><td>9 seconds (9720 ms)</td>
</tr><tr>
<td>Included groups:</td><td></td>
</tr><tr>
<td>Excluded groups:</td><td></td>
</tr>
</table><p/>
<small><i>(Hover the method name to see the test class name)</i></small><p/>
<table width='100%' border='1' class='invocation-failed'>
<tr><td colspan='4' align='center'><b>FAILED CONFIGURATIONS</b></td></tr>
<tr><td><b>Test method</b></td>
<td width="30%"><b>Exception</b></td>
<td width="10%"><b>Time (seconds)</b></td>
<td><b>Instance</b></td>
</tr>
<tr>
<td title='test.Test1.setUp()'><b>setUp</b><br>Test class: test.Test1</td>
<td><div><pre>org.openqa.selenium.SessionNotCreatedException: session not created
from disconnected: received Inspector.detached event
  (Session info: chrome=87.0.4280.141)
Build info: version: &apos;3.141.59&apos;, revision: &apos;e82be7d358&apos;, time: &apos;2018-11-14T08:17:03&apos;
System info: host: &apos;ABDOU-PC&apos;, ip: &apos;169.254.158.117&apos;, os.name: &apos;Windows 7&apos;, os.arch: &apos;amd64&apos;, os.version: &apos;6.1&apos;, java.version: &apos;1.8.0_131&apos;
Driver info: driver.version: ChromeDriver
remote stacktrace: Backtrace:
	Ordinal0 [0x015AC0C3+3326147]
	Ordinal0 [0x01490851+2164817]
	Ordinal0 [0x01317298+619160]
	Ordinal0 [0x0130BD04+572676]
	Ordinal0 [0x0130BA18+571928]
	Ordinal0 [0x0130B0C1+569537]
	Ordinal0 [0x0130A421+566305]
	Ordinal0 [0x0130A815+567317]
	Ordinal0 [0x0130A135+565557]
	Ordinal0 [0x013138B1+604337]
	Ordinal0 [0x0130A0F1+565489]
	Ordinal0 [0x0130AEA2+568994]
	Ordinal0 [0x0130A421+566305]
	Ordinal0 [0x0130A815+567317]
	Ordinal0 [0x0130A135+565557]
	Ordinal0 [0x01311D2C+597292]
	Ordinal0 [0x0130A0F1+565489]
	Ordinal0 [0x0130AEA2+568994]
	Ordinal0 [0x0130A421+566305]
	Ordinal0 [0x0130A815+567317]
	Ordinal0 [0x0130A135+565557]
	Ordinal0 [0x0130FE62+589410]
	Ordinal0 [0x0130A0F1+565489]
	Ordinal0 [0x0130AEA2+568994]
	Ordinal0 [0x0130A421+566305]
	Ordinal0 [0x0130A815+567317]
	Ordinal0 [0x0130A135+565557]
	Ordinal0 [0x0130F075+585845]
	Ordinal0 [0x0130A0F1+565489]
	Ordinal0 [0x0130AEA2+568994]
	Ordinal0 [0x0130A421+566305]
	Ordinal0 [0x0130A815+567317]
	Ordinal0 [0x0130A135+565557]
	Ordinal0 [0x01306776+550774]
	Ordinal0 [0x0130A0F1+565489]
	Ordinal0 [0x01309F13+565011]
	Ordinal0 [0x01309D07+564487]
	Ordinal0 [0x013182C0+623296]
	Ordinal0 [0x012B6BDD+224221]
	Ordinal0 [0x012B5CAC+220332]
	Ordinal0 [0x012B189B+202907]
	Ordinal0 [0x01293DF4+81396]
	Ordinal0 [0x01294DEE+85486]
	Ordinal0 [0x01294D79+85369]
	Ordinal0 [0x014A85DC+2262492]
	GetHandleVerifier [0x01732874+1487204]
	GetHandleVerifier [0x017323CD+1486013]
	GetHandleVerifier [0x0173A368+1518680]
	GetHandleVerifier [0x01732F4E+1488958]
	Ordinal0 [0x0149ED0D+2223373]
	Ordinal0 [0x014AA12B+2269483]
	Ordinal0 [0x014AA26F+2269807]
	Ordinal0 [0x014BECB8+2354360]
	BaseThreadInitThunk [0x76D9343D+18]
	RtlInitializeExceptionChain [0x77819802+99]
	RtlInitializeExceptionChain [0x778197D5+54]

	at org.openqa.selenium.remote.W3CHandshakeResponse.lambda$errorHandler$0(W3CHandshakeResponse.java:62)
	at org.openqa.selenium.remote.HandshakeResponse.lambda$getResponseFunction$0(HandshakeResponse.java:30)
	at org.openqa.selenium.remote.ProtocolHandshake.lambda$createSession$0(ProtocolHandshake.java:126)
	at java.util.stream.ReferencePipeline$3$1.accept(Unknown Source)
	at java.util.Spliterators$ArraySpliterator.tryAdvance(Unknown Source)
	at java.util.stream.ReferencePipeline.forEachWithCancel(Unknown Source)
	at java.util.stream.AbstractPipeline.copyIntoWithCancel(Unknown Source)
	at java.util.stream.AbstractPipeline.copyInto(Unknown Source)
	at java.util.stream.AbstractPipeline.wrapAndCopyInto(Unknown Source)
	at java.util.stream.FindOps$FindOp.evaluateSequential(Unknown Source)
	at java.util.stream.AbstractPipeline.evaluate(Unknown Source)
	at java.util.stream.ReferencePipeline.findFirst(Unknown Source)
	at org.openqa.selenium.remote.ProtocolHandshake.createSession(ProtocolHandshake.java:128)
	at org.openqa.selenium.remote.ProtocolHandshake.createSession(ProtocolHandshake.java:74)
	at org.openqa.selenium.remote.HttpCommandExecutor.execute(HttpCommandExecutor.java:136)
	at org.openqa.selenium.remote.service.DriverCommandExecutor.execute(DriverCommandExecutor.java:83)
	at org.openqa.selenium.remote.RemoteWebDriver.execute(RemoteWebDriver.java:552)
	at org.openqa.selenium.remote.RemoteWebDriver.startSession(RemoteWebDriver.java:213)
	at org.openqa.selenium.remote.RemoteWebDriver.&lt;init&gt;(RemoteWebDriver.java:131)
	at org.openqa.selenium.chrome.ChromeDriver.&lt;init&gt;(ChromeDriver.java:181)
	at org.openqa.selenium.chrome.ChromeDriver.&lt;init&gt;(ChromeDriver.java:168)
	at org.openqa.selenium.chrome.ChromeDriver.&lt;init&gt;(ChromeDriver.java:123)
	at base.BaseTests.initialize_driver(BaseTests.java:23)
	at base.BaseTests.setUp(BaseTests.java:53)
	at java.util.ArrayList.forEach(Unknown Source)
... Removed 35 stack frames</pre></div><a href='#' onClick='toggleBox("stack-trace852760745", this, "Click to show all stack frames", "Click to hide stack frames")'>Click to show all stack frames</a>
<div class='stack-trace' id='stack-trace852760745'><pre>org.openqa.selenium.SessionNotCreatedException: session not created
from disconnected: received Inspector.detached event
  (Session info: chrome=87.0.4280.141)
Build info: version: &apos;3.141.59&apos;, revision: &apos;e82be7d358&apos;, time: &apos;2018-11-14T08:17:03&apos;
System info: host: &apos;ABDOU-PC&apos;, ip: &apos;169.254.158.117&apos;, os.name: &apos;Windows 7&apos;, os.arch: &apos;amd64&apos;, os.version: &apos;6.1&apos;, java.version: &apos;1.8.0_131&apos;
Driver info: driver.version: ChromeDriver
remote stacktrace: Backtrace:
	Ordinal0 [0x015AC0C3+3326147]
	Ordinal0 [0x01490851+2164817]
	Ordinal0 [0x01317298+619160]
	Ordinal0 [0x0130BD04+572676]
	Ordinal0 [0x0130BA18+571928]
	Ordinal0 [0x0130B0C1+569537]
	Ordinal0 [0x0130A421+566305]
	Ordinal0 [0x0130A815+567317]
	Ordinal0 [0x0130A135+565557]
	Ordinal0 [0x013138B1+604337]
	Ordinal0 [0x0130A0F1+565489]
	Ordinal0 [0x0130AEA2+568994]
	Ordinal0 [0x0130A421+566305]
	Ordinal0 [0x0130A815+567317]
	Ordinal0 [0x0130A135+565557]
	Ordinal0 [0x01311D2C+597292]
	Ordinal0 [0x0130A0F1+565489]
	Ordinal0 [0x0130AEA2+568994]
	Ordinal0 [0x0130A421+566305]
	Ordinal0 [0x0130A815+567317]
	Ordinal0 [0x0130A135+565557]
	Ordinal0 [0x0130FE62+589410]
	Ordinal0 [0x0130A0F1+565489]
	Ordinal0 [0x0130AEA2+568994]
	Ordinal0 [0x0130A421+566305]
	Ordinal0 [0x0130A815+567317]
	Ordinal0 [0x0130A135+565557]
	Ordinal0 [0x0130F075+585845]
	Ordinal0 [0x0130A0F1+565489]
	Ordinal0 [0x0130AEA2+568994]
	Ordinal0 [0x0130A421+566305]
	Ordinal0 [0x0130A815+567317]
	Ordinal0 [0x0130A135+565557]
	Ordinal0 [0x01306776+550774]
	Ordinal0 [0x0130A0F1+565489]
	Ordinal0 [0x01309F13+565011]
	Ordinal0 [0x01309D07+564487]
	Ordinal0 [0x013182C0+623296]
	Ordinal0 [0x012B6BDD+224221]
	Ordinal0 [0x012B5CAC+220332]
	Ordinal0 [0x012B189B+202907]
	Ordinal0 [0x01293DF4+81396]
	Ordinal0 [0x01294DEE+85486]
	Ordinal0 [0x01294D79+85369]
	Ordinal0 [0x014A85DC+2262492]
	GetHandleVerifier [0x01732874+1487204]
	GetHandleVerifier [0x017323CD+1486013]
	GetHandleVerifier [0x0173A368+1518680]
	GetHandleVerifier [0x01732F4E+1488958]
	Ordinal0 [0x0149ED0D+2223373]
	Ordinal0 [0x014AA12B+2269483]
	Ordinal0 [0x014AA26F+2269807]
	Ordinal0 [0x014BECB8+2354360]
	BaseThreadInitThunk [0x76D9343D+18]
	RtlInitializeExceptionChain [0x77819802+99]
	RtlInitializeExceptionChain [0x778197D5+54]

	at sun.reflect.NativeConstructorAccessorImpl.newInstance0(Native Method)
	at sun.reflect.NativeConstructorAccessorImpl.newInstance(Unknown Source)
	at sun.reflect.DelegatingConstructorAccessorImpl.newInstance(Unknown Source)
	at java.lang.reflect.Constructor.newInstance(Unknown Source)
	at org.openqa.selenium.remote.W3CHandshakeResponse.lambda$errorHandler$0(W3CHandshakeResponse.java:62)
	at org.openqa.selenium.remote.HandshakeResponse.lambda$getResponseFunction$0(HandshakeResponse.java:30)
	at org.openqa.selenium.remote.ProtocolHandshake.lambda$createSession$0(ProtocolHandshake.java:126)
	at java.util.stream.ReferencePipeline$3$1.accept(Unknown Source)
	at java.util.Spliterators$ArraySpliterator.tryAdvance(Unknown Source)
	at java.util.stream.ReferencePipeline.forEachWithCancel(Unknown Source)
	at java.util.stream.AbstractPipeline.copyIntoWithCancel(Unknown Source)
	at java.util.stream.AbstractPipeline.copyInto(Unknown Source)
	at java.util.stream.AbstractPipeline.wrapAndCopyInto(Unknown Source)
	at java.util.stream.FindOps$FindOp.evaluateSequential(Unknown Source)
	at java.util.stream.AbstractPipeline.evaluate(Unknown Source)
	at java.util.stream.ReferencePipeline.findFirst(Unknown Source)
	at org.openqa.selenium.remote.ProtocolHandshake.createSession(ProtocolHandshake.java:128)
	at org.openqa.selenium.remote.ProtocolHandshake.createSession(ProtocolHandshake.java:74)
	at org.openqa.selenium.remote.HttpCommandExecutor.execute(HttpCommandExecutor.java:136)
	at org.openqa.selenium.remote.service.DriverCommandExecutor.execute(DriverCommandExecutor.java:83)
	at org.openqa.selenium.remote.RemoteWebDriver.execute(RemoteWebDriver.java:552)
	at org.openqa.selenium.remote.RemoteWebDriver.startSession(RemoteWebDriver.java:213)
	at org.openqa.selenium.remote.RemoteWebDriver.&lt;init&gt;(RemoteWebDriver.java:131)
	at org.openqa.selenium.chrome.ChromeDriver.&lt;init&gt;(ChromeDriver.java:181)
	at org.openqa.selenium.chrome.ChromeDriver.&lt;init&gt;(ChromeDriver.java:168)
	at org.openqa.selenium.chrome.ChromeDriver.&lt;init&gt;(ChromeDriver.java:123)
	at base.BaseTests.initialize_driver(BaseTests.java:23)
	at base.BaseTests.setUp(BaseTests.java:53)
	at sun.reflect.NativeMethodAccessorImpl.invoke0(Native Method)
	at sun.reflect.NativeMethodAccessorImpl.invoke(Unknown Source)
	at sun.reflect.DelegatingMethodAccessorImpl.invoke(Unknown Source)
	at java.lang.reflect.Method.invoke(Unknown Source)
	at org.testng.internal.MethodInvocationHelper.invokeMethod(MethodInvocationHelper.java:133)
	at org.testng.internal.MethodInvocationHelper.invokeMethodConsideringTimeout(MethodInvocationHelper.java:62)
	at org.testng.internal.ConfigInvoker.invokeConfigurationMethod(ConfigInvoker.java:340)
	at org.testng.internal.ConfigInvoker.invokeConfigurations(ConfigInvoker.java:294)
	at org.testng.internal.TestInvoker.runConfigMethods(TestInvoker.java:683)
	at org.testng.internal.TestInvoker.invokeMethod(TestInvoker.java:510)
	at org.testng.internal.TestInvoker.invokeTestMethod(TestInvoker.java:172)
	at org.testng.internal.MethodRunner.runInSequence(MethodRunner.java:46)
	at org.testng.internal.TestInvoker$MethodInvocationAgent.invoke(TestInvoker.java:804)
	at org.testng.internal.TestInvoker.invokeTestMethods(TestInvoker.java:145)
	at org.testng.internal.TestMethodWorker.invokeTestMethods(TestMethodWorker.java:146)
	at org.testng.internal.TestMethodWorker.run(TestMethodWorker.java:128)
	at java.util.ArrayList.forEach(Unknown Source)
	at org.testng.TestRunner.privateRun(TestRunner.java:770)
	at org.testng.TestRunner.run(TestRunner.java:591)
	at org.testng.SuiteRunner.runTest(SuiteRunner.java:402)
	at org.testng.SuiteRunner.runSequentially(SuiteRunner.java:396)
	at org.testng.SuiteRunner.privateRun(SuiteRunner.java:355)
	at org.testng.SuiteRunner.run(SuiteRunner.java:304)
	at org.testng.SuiteRunnerWorker.runSuite(SuiteRunnerWorker.java:53)
	at org.testng.SuiteRunnerWorker.run(SuiteRunnerWorker.java:96)
	at org.testng.TestNG.runSuitesSequentially(TestNG.java:1180)
	at org.testng.TestNG.runSuitesLocally(TestNG.java:1102)
	at org.testng.TestNG.runSuites(TestNG.java:1032)
	at org.testng.TestNG.run(TestNG.java:1000)
	at org.testng.remote.AbstractRemoteTestNG.run(AbstractRemoteTestNG.java:115)
	at org.testng.remote.RemoteTestNG.initAndRun(RemoteTestNG.java:251)
	at org.testng.remote.RemoteTestNG.main(RemoteTestNG.java:77)
</pre></div></td>
<td>9</td>
<td>test.Test1@2d8f2f3a</td></tr>
</table><p>
<table width='100%' border='1' class='invocation-skipped'>
<tr><td colspan='4' align='center'><b>SKIPPED CONFIGURATIONS</b></td></tr>
<tr><td><b>Test method</b></td>
<td width="30%"><b>Exception</b></td>
<td width="10%"><b>Time (seconds)</b></td>
<td><b>Instance</b></td>
</tr>
<tr>
<td title='test.Test1.setUp()'><b>setUp</b><br>Test class: test.Test1</td>
<td></td>
<td>-1610328147</td>
<td>test.Test1@2d8f2f3a</td></tr>
<tr>
<td title='test.Test1.setUp()'><b>setUp</b><br>Test class: test.Test1</td>
<td></td>
<td>-1610328147</td>
<td>test.Test1@2d8f2f3a</td></tr>
<tr>
<td title='test.Test1.setUp()'><b>setUp</b><br>Test class: test.Test1</td>
<td></td>
<td>-1610328147</td>
<td>test.Test1@2d8f2f3a</td></tr>
<tr>
<td title='test.Test1.tearDown()'><b>tearDown</b><br>Test class: test.Test1</td>
<td></td>
<td>-1610328147</td>
<td>test.Test1@2d8f2f3a</td></tr>
<tr>
<td title='test.Test1.tearDown()'><b>tearDown</b><br>Test class: test.Test1</td>
<td></td>
<td>-1610328147</td>
<td>test.Test1@2d8f2f3a</td></tr>
<tr>
<td title='test.Test1.tearDown()'><b>tearDown</b><br>Test class: test.Test1</td>
<td></td>
<td>-1610328147</td>
<td>test.Test1@2d8f2f3a</td></tr>
<tr>
<td title='test.Test1.tearDown()'><b>tearDown</b><br>Test class: test.Test1</td>
<td></td>
<td>-1610328147</td>
<td>test.Test1@2d8f2f3a</td></tr>
</table><p>
<table width='100%' border='1' class='invocation-skipped'>
<tr><td colspan='4' align='center'><b>SKIPPED TESTS</b></td></tr>
<tr><td><b>Test method</b></td>
<td width="30%"><b>Exception</b></td>
<td width="10%"><b>Time (seconds)</b></td>
<td><b>Instance</b></td>
</tr>
<tr>
<td title='test.Test1.test1()'><b>test1</b><br>Test class: test.Test1</td>
<td><div><pre>org.openqa.selenium.SessionNotCreatedException: session not created
from disconnected: received Inspector.detached event
  (Session info: chrome=87.0.4280.141)
Build info: version: &apos;3.141.59&apos;, revision: &apos;e82be7d358&apos;, time: &apos;2018-11-14T08:17:03&apos;
System info: host: &apos;ABDOU-PC&apos;, ip: &apos;169.254.158.117&apos;, os.name: &apos;Windows 7&apos;, os.arch: &apos;amd64&apos;, os.version: &apos;6.1&apos;, java.version: &apos;1.8.0_131&apos;
Driver info: driver.version: ChromeDriver
remote stacktrace: Backtrace:
	Ordinal0 [0x015AC0C3+3326147]
	Ordinal0 [0x01490851+2164817]
	Ordinal0 [0x01317298+619160]
	Ordinal0 [0x0130BD04+572676]
	Ordinal0 [0x0130BA18+571928]
	Ordinal0 [0x0130B0C1+569537]
	Ordinal0 [0x0130A421+566305]
	Ordinal0 [0x0130A815+567317]
	Ordinal0 [0x0130A135+565557]
	Ordinal0 [0x013138B1+604337]
	Ordinal0 [0x0130A0F1+565489]
	Ordinal0 [0x0130AEA2+568994]
	Ordinal0 [0x0130A421+566305]
	Ordinal0 [0x0130A815+567317]
	Ordinal0 [0x0130A135+565557]
	Ordinal0 [0x01311D2C+597292]
	Ordinal0 [0x0130A0F1+565489]
	Ordinal0 [0x0130AEA2+568994]
	Ordinal0 [0x0130A421+566305]
	Ordinal0 [0x0130A815+567317]
	Ordinal0 [0x0130A135+565557]
	Ordinal0 [0x0130FE62+589410]
	Ordinal0 [0x0130A0F1+565489]
	Ordinal0 [0x0130AEA2+568994]
	Ordinal0 [0x0130A421+566305]
	Ordinal0 [0x0130A815+567317]
	Ordinal0 [0x0130A135+565557]
	Ordinal0 [0x0130F075+585845]
	Ordinal0 [0x0130A0F1+565489]
	Ordinal0 [0x0130AEA2+568994]
	Ordinal0 [0x0130A421+566305]
	Ordinal0 [0x0130A815+567317]
	Ordinal0 [0x0130A135+565557]
	Ordinal0 [0x01306776+550774]
	Ordinal0 [0x0130A0F1+565489]
	Ordinal0 [0x01309F13+565011]
	Ordinal0 [0x01309D07+564487]
	Ordinal0 [0x013182C0+623296]
	Ordinal0 [0x012B6BDD+224221]
	Ordinal0 [0x012B5CAC+220332]
	Ordinal0 [0x012B189B+202907]
	Ordinal0 [0x01293DF4+81396]
	Ordinal0 [0x01294DEE+85486]
	Ordinal0 [0x01294D79+85369]
	Ordinal0 [0x014A85DC+2262492]
	GetHandleVerifier [0x01732874+1487204]
	GetHandleVerifier [0x017323CD+1486013]
	GetHandleVerifier [0x0173A368+1518680]
	GetHandleVerifier [0x01732F4E+1488958]
	Ordinal0 [0x0149ED0D+2223373]
	Ordinal0 [0x014AA12B+2269483]
	Ordinal0 [0x014AA26F+2269807]
	Ordinal0 [0x014BECB8+2354360]
	BaseThreadInitThunk [0x76D9343D+18]
	RtlInitializeExceptionChain [0x77819802+99]
	RtlInitializeExceptionChain [0x778197D5+54]

	at org.openqa.selenium.remote.W3CHandshakeResponse.lambda$errorHandler$0(W3CHandshakeResponse.java:62)
	at org.openqa.selenium.remote.HandshakeResponse.lambda$getResponseFunction$0(HandshakeResponse.java:30)
	at org.openqa.selenium.remote.ProtocolHandshake.lambda$createSession$0(ProtocolHandshake.java:126)
	at java.util.stream.ReferencePipeline$3$1.accept(Unknown Source)
	at java.util.Spliterators$ArraySpliterator.tryAdvance(Unknown Source)
	at java.util.stream.ReferencePipeline.forEachWithCancel(Unknown Source)
	at java.util.stream.AbstractPipeline.copyIntoWithCancel(Unknown Source)
	at java.util.stream.AbstractPipeline.copyInto(Unknown Source)
	at java.util.stream.AbstractPipeline.wrapAndCopyInto(Unknown Source)
	at java.util.stream.FindOps$FindOp.evaluateSequential(Unknown Source)
	at java.util.stream.AbstractPipeline.evaluate(Unknown Source)
	at java.util.stream.ReferencePipeline.findFirst(Unknown Source)
	at org.openqa.selenium.remote.ProtocolHandshake.createSession(ProtocolHandshake.java:128)
	at org.openqa.selenium.remote.ProtocolHandshake.createSession(ProtocolHandshake.java:74)
	at org.openqa.selenium.remote.HttpCommandExecutor.execute(HttpCommandExecutor.java:136)
	at org.openqa.selenium.remote.service.DriverCommandExecutor.execute(DriverCommandExecutor.java:83)
	at org.openqa.selenium.remote.RemoteWebDriver.execute(RemoteWebDriver.java:552)
	at org.openqa.selenium.remote.RemoteWebDriver.startSession(RemoteWebDriver.java:213)
	at org.openqa.selenium.remote.RemoteWebDriver.&lt;init&gt;(RemoteWebDriver.java:131)
	at org.openqa.selenium.chrome.ChromeDriver.&lt;init&gt;(ChromeDriver.java:181)
	at org.openqa.selenium.chrome.ChromeDriver.&lt;init&gt;(ChromeDriver.java:168)
	at org.openqa.selenium.chrome.ChromeDriver.&lt;init&gt;(ChromeDriver.java:123)
	at base.BaseTests.initialize_driver(BaseTests.java:23)
	at base.BaseTests.setUp(BaseTests.java:53)
	at java.util.ArrayList.forEach(Unknown Source)
... Removed 35 stack frames</pre></div><a href='#' onClick='toggleBox("stack-trace277155095", this, "Click to show all stack frames", "Click to hide stack frames")'>Click to show all stack frames</a>
<div class='stack-trace' id='stack-trace277155095'><pre>org.openqa.selenium.SessionNotCreatedException: session not created
from disconnected: received Inspector.detached event
  (Session info: chrome=87.0.4280.141)
Build info: version: &apos;3.141.59&apos;, revision: &apos;e82be7d358&apos;, time: &apos;2018-11-14T08:17:03&apos;
System info: host: &apos;ABDOU-PC&apos;, ip: &apos;169.254.158.117&apos;, os.name: &apos;Windows 7&apos;, os.arch: &apos;amd64&apos;, os.version: &apos;6.1&apos;, java.version: &apos;1.8.0_131&apos;
Driver info: driver.version: ChromeDriver
remote stacktrace: Backtrace:
	Ordinal0 [0x015AC0C3+3326147]
	Ordinal0 [0x01490851+2164817]
	Ordinal0 [0x01317298+619160]
	Ordinal0 [0x0130BD04+572676]
	Ordinal0 [0x0130BA18+571928]
	Ordinal0 [0x0130B0C1+569537]
	Ordinal0 [0x0130A421+566305]
	Ordinal0 [0x0130A815+567317]
	Ordinal0 [0x0130A135+565557]
	Ordinal0 [0x013138B1+604337]
	Ordinal0 [0x0130A0F1+565489]
	Ordinal0 [0x0130AEA2+568994]
	Ordinal0 [0x0130A421+566305]
	Ordinal0 [0x0130A815+567317]
	Ordinal0 [0x0130A135+565557]
	Ordinal0 [0x01311D2C+597292]
	Ordinal0 [0x0130A0F1+565489]
	Ordinal0 [0x0130AEA2+568994]
	Ordinal0 [0x0130A421+566305]
	Ordinal0 [0x0130A815+567317]
	Ordinal0 [0x0130A135+565557]
	Ordinal0 [0x0130FE62+589410]
	Ordinal0 [0x0130A0F1+565489]
	Ordinal0 [0x0130AEA2+568994]
	Ordinal0 [0x0130A421+566305]
	Ordinal0 [0x0130A815+567317]
	Ordinal0 [0x0130A135+565557]
	Ordinal0 [0x0130F075+585845]
	Ordinal0 [0x0130A0F1+565489]
	Ordinal0 [0x0130AEA2+568994]
	Ordinal0 [0x0130A421+566305]
	Ordinal0 [0x0130A815+567317]
	Ordinal0 [0x0130A135+565557]
	Ordinal0 [0x01306776+550774]
	Ordinal0 [0x0130A0F1+565489]
	Ordinal0 [0x01309F13+565011]
	Ordinal0 [0x01309D07+564487]
	Ordinal0 [0x013182C0+623296]
	Ordinal0 [0x012B6BDD+224221]
	Ordinal0 [0x012B5CAC+220332]
	Ordinal0 [0x012B189B+202907]
	Ordinal0 [0x01293DF4+81396]
	Ordinal0 [0x01294DEE+85486]
	Ordinal0 [0x01294D79+85369]
	Ordinal0 [0x014A85DC+2262492]
	GetHandleVerifier [0x01732874+1487204]
	GetHandleVerifier [0x017323CD+1486013]
	GetHandleVerifier [0x0173A368+1518680]
	GetHandleVerifier [0x01732F4E+1488958]
	Ordinal0 [0x0149ED0D+2223373]
	Ordinal0 [0x014AA12B+2269483]
	Ordinal0 [0x014AA26F+2269807]
	Ordinal0 [0x014BECB8+2354360]
	BaseThreadInitThunk [0x76D9343D+18]
	RtlInitializeExceptionChain [0x77819802+99]
	RtlInitializeExceptionChain [0x778197D5+54]

	at sun.reflect.NativeConstructorAccessorImpl.newInstance0(Native Method)
	at sun.reflect.NativeConstructorAccessorImpl.newInstance(Unknown Source)
	at sun.reflect.DelegatingConstructorAccessorImpl.newInstance(Unknown Source)
	at java.lang.reflect.Constructor.newInstance(Unknown Source)
	at org.openqa.selenium.remote.W3CHandshakeResponse.lambda$errorHandler$0(W3CHandshakeResponse.java:62)
	at org.openqa.selenium.remote.HandshakeResponse.lambda$getResponseFunction$0(HandshakeResponse.java:30)
	at org.openqa.selenium.remote.ProtocolHandshake.lambda$createSession$0(ProtocolHandshake.java:126)
	at java.util.stream.ReferencePipeline$3$1.accept(Unknown Source)
	at java.util.Spliterators$ArraySpliterator.tryAdvance(Unknown Source)
	at java.util.stream.ReferencePipeline.forEachWithCancel(Unknown Source)
	at java.util.stream.AbstractPipeline.copyIntoWithCancel(Unknown Source)
	at java.util.stream.AbstractPipeline.copyInto(Unknown Source)
	at java.util.stream.AbstractPipeline.wrapAndCopyInto(Unknown Source)
	at java.util.stream.FindOps$FindOp.evaluateSequential(Unknown Source)
	at java.util.stream.AbstractPipeline.evaluate(Unknown Source)
	at java.util.stream.ReferencePipeline.findFirst(Unknown Source)
	at org.openqa.selenium.remote.ProtocolHandshake.createSession(ProtocolHandshake.java:128)
	at org.openqa.selenium.remote.ProtocolHandshake.createSession(ProtocolHandshake.java:74)
	at org.openqa.selenium.remote.HttpCommandExecutor.execute(HttpCommandExecutor.java:136)
	at org.openqa.selenium.remote.service.DriverCommandExecutor.execute(DriverCommandExecutor.java:83)
	at org.openqa.selenium.remote.RemoteWebDriver.execute(RemoteWebDriver.java:552)
	at org.openqa.selenium.remote.RemoteWebDriver.startSession(RemoteWebDriver.java:213)
	at org.openqa.selenium.remote.RemoteWebDriver.&lt;init&gt;(RemoteWebDriver.java:131)
	at org.openqa.selenium.chrome.ChromeDriver.&lt;init&gt;(ChromeDriver.java:181)
	at org.openqa.selenium.chrome.ChromeDriver.&lt;init&gt;(ChromeDriver.java:168)
	at org.openqa.selenium.chrome.ChromeDriver.&lt;init&gt;(ChromeDriver.java:123)
	at base.BaseTests.initialize_driver(BaseTests.java:23)
	at base.BaseTests.setUp(BaseTests.java:53)
	at sun.reflect.NativeMethodAccessorImpl.invoke0(Native Method)
	at sun.reflect.NativeMethodAccessorImpl.invoke(Unknown Source)
	at sun.reflect.DelegatingMethodAccessorImpl.invoke(Unknown Source)
	at java.lang.reflect.Method.invoke(Unknown Source)
	at org.testng.internal.MethodInvocationHelper.invokeMethod(MethodInvocationHelper.java:133)
	at org.testng.internal.MethodInvocationHelper.invokeMethodConsideringTimeout(MethodInvocationHelper.java:62)
	at org.testng.internal.ConfigInvoker.invokeConfigurationMethod(ConfigInvoker.java:340)
	at org.testng.internal.ConfigInvoker.invokeConfigurations(ConfigInvoker.java:294)
	at org.testng.internal.TestInvoker.runConfigMethods(TestInvoker.java:683)
	at org.testng.internal.TestInvoker.invokeMethod(TestInvoker.java:510)
	at org.testng.internal.TestInvoker.invokeTestMethod(TestInvoker.java:172)
	at org.testng.internal.MethodRunner.runInSequence(MethodRunner.java:46)
	at org.testng.internal.TestInvoker$MethodInvocationAgent.invoke(TestInvoker.java:804)
	at org.testng.internal.TestInvoker.invokeTestMethods(TestInvoker.java:145)
	at org.testng.internal.TestMethodWorker.invokeTestMethods(TestMethodWorker.java:146)
	at org.testng.internal.TestMethodWorker.run(TestMethodWorker.java:128)
	at java.util.ArrayList.forEach(Unknown Source)
	at org.testng.TestRunner.privateRun(TestRunner.java:770)
	at org.testng.TestRunner.run(TestRunner.java:591)
	at org.testng.SuiteRunner.runTest(SuiteRunner.java:402)
	at org.testng.SuiteRunner.runSequentially(SuiteRunner.java:396)
	at org.testng.SuiteRunner.privateRun(SuiteRunner.java:355)
	at org.testng.SuiteRunner.run(SuiteRunner.java:304)
	at org.testng.SuiteRunnerWorker.runSuite(SuiteRunnerWorker.java:53)
	at org.testng.SuiteRunnerWorker.run(SuiteRunnerWorker.java:96)
	at org.testng.TestNG.runSuitesSequentially(TestNG.java:1180)
	at org.testng.TestNG.runSuitesLocally(TestNG.java:1102)
	at org.testng.TestNG.runSuites(TestNG.java:1032)
	at org.testng.TestNG.run(TestNG.java:1000)
	at org.testng.remote.AbstractRemoteTestNG.run(AbstractRemoteTestNG.java:115)
	at org.testng.remote.RemoteTestNG.initAndRun(RemoteTestNG.java:251)
	at org.testng.remote.RemoteTestNG.main(RemoteTestNG.java:77)
</pre></div></td>
<td>0</td>
<td>test.Test1@2d8f2f3a</td></tr>
<tr>
<td title='test.Test1.test2()'><b>test2</b><br>Test class: test.Test1</td>
<td><div><pre>org.openqa.selenium.SessionNotCreatedException: session not created
from disconnected: received Inspector.detached event
  (Session info: chrome=87.0.4280.141)
Build info: version: &apos;3.141.59&apos;, revision: &apos;e82be7d358&apos;, time: &apos;2018-11-14T08:17:03&apos;
System info: host: &apos;ABDOU-PC&apos;, ip: &apos;169.254.158.117&apos;, os.name: &apos;Windows 7&apos;, os.arch: &apos;amd64&apos;, os.version: &apos;6.1&apos;, java.version: &apos;1.8.0_131&apos;
Driver info: driver.version: ChromeDriver
remote stacktrace: Backtrace:
	Ordinal0 [0x015AC0C3+3326147]
	Ordinal0 [0x01490851+2164817]
	Ordinal0 [0x01317298+619160]
	Ordinal0 [0x0130BD04+572676]
	Ordinal0 [0x0130BA18+571928]
	Ordinal0 [0x0130B0C1+569537]
	Ordinal0 [0x0130A421+566305]
	Ordinal0 [0x0130A815+567317]
	Ordinal0 [0x0130A135+565557]
	Ordinal0 [0x013138B1+604337]
	Ordinal0 [0x0130A0F1+565489]
	Ordinal0 [0x0130AEA2+568994]
	Ordinal0 [0x0130A421+566305]
	Ordinal0 [0x0130A815+567317]
	Ordinal0 [0x0130A135+565557]
	Ordinal0 [0x01311D2C+597292]
	Ordinal0 [0x0130A0F1+565489]
	Ordinal0 [0x0130AEA2+568994]
	Ordinal0 [0x0130A421+566305]
	Ordinal0 [0x0130A815+567317]
	Ordinal0 [0x0130A135+565557]
	Ordinal0 [0x0130FE62+589410]
	Ordinal0 [0x0130A0F1+565489]
	Ordinal0 [0x0130AEA2+568994]
	Ordinal0 [0x0130A421+566305]
	Ordinal0 [0x0130A815+567317]
	Ordinal0 [0x0130A135+565557]
	Ordinal0 [0x0130F075+585845]
	Ordinal0 [0x0130A0F1+565489]
	Ordinal0 [0x0130AEA2+568994]
	Ordinal0 [0x0130A421+566305]
	Ordinal0 [0x0130A815+567317]
	Ordinal0 [0x0130A135+565557]
	Ordinal0 [0x01306776+550774]
	Ordinal0 [0x0130A0F1+565489]
	Ordinal0 [0x01309F13+565011]
	Ordinal0 [0x01309D07+564487]
	Ordinal0 [0x013182C0+623296]
	Ordinal0 [0x012B6BDD+224221]
	Ordinal0 [0x012B5CAC+220332]
	Ordinal0 [0x012B189B+202907]
	Ordinal0 [0x01293DF4+81396]
	Ordinal0 [0x01294DEE+85486]
	Ordinal0 [0x01294D79+85369]
	Ordinal0 [0x014A85DC+2262492]
	GetHandleVerifier [0x01732874+1487204]
	GetHandleVerifier [0x017323CD+1486013]
	GetHandleVerifier [0x0173A368+1518680]
	GetHandleVerifier [0x01732F4E+1488958]
	Ordinal0 [0x0149ED0D+2223373]
	Ordinal0 [0x014AA12B+2269483]
	Ordinal0 [0x014AA26F+2269807]
	Ordinal0 [0x014BECB8+2354360]
	BaseThreadInitThunk [0x76D9343D+18]
	RtlInitializeExceptionChain [0x77819802+99]
	RtlInitializeExceptionChain [0x778197D5+54]

	at org.openqa.selenium.remote.W3CHandshakeResponse.lambda$errorHandler$0(W3CHandshakeResponse.java:62)
	at org.openqa.selenium.remote.HandshakeResponse.lambda$getResponseFunction$0(HandshakeResponse.java:30)
	at org.openqa.selenium.remote.ProtocolHandshake.lambda$createSession$0(ProtocolHandshake.java:126)
	at java.util.stream.ReferencePipeline$3$1.accept(Unknown Source)
	at java.util.Spliterators$ArraySpliterator.tryAdvance(Unknown Source)
	at java.util.stream.ReferencePipeline.forEachWithCancel(Unknown Source)
	at java.util.stream.AbstractPipeline.copyIntoWithCancel(Unknown Source)
	at java.util.stream.AbstractPipeline.copyInto(Unknown Source)
	at java.util.stream.AbstractPipeline.wrapAndCopyInto(Unknown Source)
	at java.util.stream.FindOps$FindOp.evaluateSequential(Unknown Source)
	at java.util.stream.AbstractPipeline.evaluate(Unknown Source)
	at java.util.stream.ReferencePipeline.findFirst(Unknown Source)
	at org.openqa.selenium.remote.ProtocolHandshake.createSession(ProtocolHandshake.java:128)
	at org.openqa.selenium.remote.ProtocolHandshake.createSession(ProtocolHandshake.java:74)
	at org.openqa.selenium.remote.HttpCommandExecutor.execute(HttpCommandExecutor.java:136)
	at org.openqa.selenium.remote.service.DriverCommandExecutor.execute(DriverCommandExecutor.java:83)
	at org.openqa.selenium.remote.RemoteWebDriver.execute(RemoteWebDriver.java:552)
	at org.openqa.selenium.remote.RemoteWebDriver.startSession(RemoteWebDriver.java:213)
	at org.openqa.selenium.remote.RemoteWebDriver.&lt;init&gt;(RemoteWebDriver.java:131)
	at org.openqa.selenium.chrome.ChromeDriver.&lt;init&gt;(ChromeDriver.java:181)
	at org.openqa.selenium.chrome.ChromeDriver.&lt;init&gt;(ChromeDriver.java:168)
	at org.openqa.selenium.chrome.ChromeDriver.&lt;init&gt;(ChromeDriver.java:123)
	at base.BaseTests.initialize_driver(BaseTests.java:23)
	at base.BaseTests.setUp(BaseTests.java:53)
	at java.util.ArrayList.forEach(Unknown Source)
... Removed 35 stack frames</pre></div><a href='#' onClick='toggleBox("stack-trace72423389", this, "Click to show all stack frames", "Click to hide stack frames")'>Click to show all stack frames</a>
<div class='stack-trace' id='stack-trace72423389'><pre>org.openqa.selenium.SessionNotCreatedException: session not created
from disconnected: received Inspector.detached event
  (Session info: chrome=87.0.4280.141)
Build info: version: &apos;3.141.59&apos;, revision: &apos;e82be7d358&apos;, time: &apos;2018-11-14T08:17:03&apos;
System info: host: &apos;ABDOU-PC&apos;, ip: &apos;169.254.158.117&apos;, os.name: &apos;Windows 7&apos;, os.arch: &apos;amd64&apos;, os.version: &apos;6.1&apos;, java.version: &apos;1.8.0_131&apos;
Driver info: driver.version: ChromeDriver
remote stacktrace: Backtrace:
	Ordinal0 [0x015AC0C3+3326147]
	Ordinal0 [0x01490851+2164817]
	Ordinal0 [0x01317298+619160]
	Ordinal0 [0x0130BD04+572676]
	Ordinal0 [0x0130BA18+571928]
	Ordinal0 [0x0130B0C1+569537]
	Ordinal0 [0x0130A421+566305]
	Ordinal0 [0x0130A815+567317]
	Ordinal0 [0x0130A135+565557]
	Ordinal0 [0x013138B1+604337]
	Ordinal0 [0x0130A0F1+565489]
	Ordinal0 [0x0130AEA2+568994]
	Ordinal0 [0x0130A421+566305]
	Ordinal0 [0x0130A815+567317]
	Ordinal0 [0x0130A135+565557]
	Ordinal0 [0x01311D2C+597292]
	Ordinal0 [0x0130A0F1+565489]
	Ordinal0 [0x0130AEA2+568994]
	Ordinal0 [0x0130A421+566305]
	Ordinal0 [0x0130A815+567317]
	Ordinal0 [0x0130A135+565557]
	Ordinal0 [0x0130FE62+589410]
	Ordinal0 [0x0130A0F1+565489]
	Ordinal0 [0x0130AEA2+568994]
	Ordinal0 [0x0130A421+566305]
	Ordinal0 [0x0130A815+567317]
	Ordinal0 [0x0130A135+565557]
	Ordinal0 [0x0130F075+585845]
	Ordinal0 [0x0130A0F1+565489]
	Ordinal0 [0x0130AEA2+568994]
	Ordinal0 [0x0130A421+566305]
	Ordinal0 [0x0130A815+567317]
	Ordinal0 [0x0130A135+565557]
	Ordinal0 [0x01306776+550774]
	Ordinal0 [0x0130A0F1+565489]
	Ordinal0 [0x01309F13+565011]
	Ordinal0 [0x01309D07+564487]
	Ordinal0 [0x013182C0+623296]
	Ordinal0 [0x012B6BDD+224221]
	Ordinal0 [0x012B5CAC+220332]
	Ordinal0 [0x012B189B+202907]
	Ordinal0 [0x01293DF4+81396]
	Ordinal0 [0x01294DEE+85486]
	Ordinal0 [0x01294D79+85369]
	Ordinal0 [0x014A85DC+2262492]
	GetHandleVerifier [0x01732874+1487204]
	GetHandleVerifier [0x017323CD+1486013]
	GetHandleVerifier [0x0173A368+1518680]
	GetHandleVerifier [0x01732F4E+1488958]
	Ordinal0 [0x0149ED0D+2223373]
	Ordinal0 [0x014AA12B+2269483]
	Ordinal0 [0x014AA26F+2269807]
	Ordinal0 [0x014BECB8+2354360]
	BaseThreadInitThunk [0x76D9343D+18]
	RtlInitializeExceptionChain [0x77819802+99]
	RtlInitializeExceptionChain [0x778197D5+54]

	at sun.reflect.NativeConstructorAccessorImpl.newInstance0(Native Method)
	at sun.reflect.NativeConstructorAccessorImpl.newInstance(Unknown Source)
	at sun.reflect.DelegatingConstructorAccessorImpl.newInstance(Unknown Source)
	at java.lang.reflect.Constructor.newInstance(Unknown Source)
	at org.openqa.selenium.remote.W3CHandshakeResponse.lambda$errorHandler$0(W3CHandshakeResponse.java:62)
	at org.openqa.selenium.remote.HandshakeResponse.lambda$getResponseFunction$0(HandshakeResponse.java:30)
	at org.openqa.selenium.remote.ProtocolHandshake.lambda$createSession$0(ProtocolHandshake.java:126)
	at java.util.stream.ReferencePipeline$3$1.accept(Unknown Source)
	at java.util.Spliterators$ArraySpliterator.tryAdvance(Unknown Source)
	at java.util.stream.ReferencePipeline.forEachWithCancel(Unknown Source)
	at java.util.stream.AbstractPipeline.copyIntoWithCancel(Unknown Source)
	at java.util.stream.AbstractPipeline.copyInto(Unknown Source)
	at java.util.stream.AbstractPipeline.wrapAndCopyInto(Unknown Source)
	at java.util.stream.FindOps$FindOp.evaluateSequential(Unknown Source)
	at java.util.stream.AbstractPipeline.evaluate(Unknown Source)
	at java.util.stream.ReferencePipeline.findFirst(Unknown Source)
	at org.openqa.selenium.remote.ProtocolHandshake.createSession(ProtocolHandshake.java:128)
	at org.openqa.selenium.remote.ProtocolHandshake.createSession(ProtocolHandshake.java:74)
	at org.openqa.selenium.remote.HttpCommandExecutor.execute(HttpCommandExecutor.java:136)
	at org.openqa.selenium.remote.service.DriverCommandExecutor.execute(DriverCommandExecutor.java:83)
	at org.openqa.selenium.remote.RemoteWebDriver.execute(RemoteWebDriver.java:552)
	at org.openqa.selenium.remote.RemoteWebDriver.startSession(RemoteWebDriver.java:213)
	at org.openqa.selenium.remote.RemoteWebDriver.&lt;init&gt;(RemoteWebDriver.java:131)
	at org.openqa.selenium.chrome.ChromeDriver.&lt;init&gt;(ChromeDriver.java:181)
	at org.openqa.selenium.chrome.ChromeDriver.&lt;init&gt;(ChromeDriver.java:168)
	at org.openqa.selenium.chrome.ChromeDriver.&lt;init&gt;(ChromeDriver.java:123)
	at base.BaseTests.initialize_driver(BaseTests.java:23)
	at base.BaseTests.setUp(BaseTests.java:53)
	at sun.reflect.NativeMethodAccessorImpl.invoke0(Native Method)
	at sun.reflect.NativeMethodAccessorImpl.invoke(Unknown Source)
	at sun.reflect.DelegatingMethodAccessorImpl.invoke(Unknown Source)
	at java.lang.reflect.Method.invoke(Unknown Source)
	at org.testng.internal.MethodInvocationHelper.invokeMethod(MethodInvocationHelper.java:133)
	at org.testng.internal.MethodInvocationHelper.invokeMethodConsideringTimeout(MethodInvocationHelper.java:62)
	at org.testng.internal.ConfigInvoker.invokeConfigurationMethod(ConfigInvoker.java:340)
	at org.testng.internal.ConfigInvoker.invokeConfigurations(ConfigInvoker.java:294)
	at org.testng.internal.TestInvoker.runConfigMethods(TestInvoker.java:683)
	at org.testng.internal.TestInvoker.invokeMethod(TestInvoker.java:510)
	at org.testng.internal.TestInvoker.invokeTestMethod(TestInvoker.java:172)
	at org.testng.internal.MethodRunner.runInSequence(MethodRunner.java:46)
	at org.testng.internal.TestInvoker$MethodInvocationAgent.invoke(TestInvoker.java:804)
	at org.testng.internal.TestInvoker.invokeTestMethods(TestInvoker.java:145)
	at org.testng.internal.TestMethodWorker.invokeTestMethods(TestMethodWorker.java:146)
	at org.testng.internal.TestMethodWorker.run(TestMethodWorker.java:128)
	at java.util.ArrayList.forEach(Unknown Source)
	at org.testng.TestRunner.privateRun(TestRunner.java:770)
	at org.testng.TestRunner.run(TestRunner.java:591)
	at org.testng.SuiteRunner.runTest(SuiteRunner.java:402)
	at org.testng.SuiteRunner.runSequentially(SuiteRunner.java:396)
	at org.testng.SuiteRunner.privateRun(SuiteRunner.java:355)
	at org.testng.SuiteRunner.run(SuiteRunner.java:304)
	at org.testng.SuiteRunnerWorker.runSuite(SuiteRunnerWorker.java:53)
	at org.testng.SuiteRunnerWorker.run(SuiteRunnerWorker.java:96)
	at org.testng.TestNG.runSuitesSequentially(TestNG.java:1180)
	at org.testng.TestNG.runSuitesLocally(TestNG.java:1102)
	at org.testng.TestNG.runSuites(TestNG.java:1032)
	at org.testng.TestNG.run(TestNG.java:1000)
	at org.testng.remote.AbstractRemoteTestNG.run(AbstractRemoteTestNG.java:115)
	at org.testng.remote.RemoteTestNG.initAndRun(RemoteTestNG.java:251)
	at org.testng.remote.RemoteTestNG.main(RemoteTestNG.java:77)
</pre></div></td>
<td>0</td>
<td>test.Test1@2d8f2f3a</td></tr>
<tr>
<td title='test.Test1.test3()'><b>test3</b><br>Test class: test.Test1</td>
<td><div><pre>org.openqa.selenium.SessionNotCreatedException: session not created
from disconnected: received Inspector.detached event
  (Session info: chrome=87.0.4280.141)
Build info: version: &apos;3.141.59&apos;, revision: &apos;e82be7d358&apos;, time: &apos;2018-11-14T08:17:03&apos;
System info: host: &apos;ABDOU-PC&apos;, ip: &apos;169.254.158.117&apos;, os.name: &apos;Windows 7&apos;, os.arch: &apos;amd64&apos;, os.version: &apos;6.1&apos;, java.version: &apos;1.8.0_131&apos;
Driver info: driver.version: ChromeDriver
remote stacktrace: Backtrace:
	Ordinal0 [0x015AC0C3+3326147]
	Ordinal0 [0x01490851+2164817]
	Ordinal0 [0x01317298+619160]
	Ordinal0 [0x0130BD04+572676]
	Ordinal0 [0x0130BA18+571928]
	Ordinal0 [0x0130B0C1+569537]
	Ordinal0 [0x0130A421+566305]
	Ordinal0 [0x0130A815+567317]
	Ordinal0 [0x0130A135+565557]
	Ordinal0 [0x013138B1+604337]
	Ordinal0 [0x0130A0F1+565489]
	Ordinal0 [0x0130AEA2+568994]
	Ordinal0 [0x0130A421+566305]
	Ordinal0 [0x0130A815+567317]
	Ordinal0 [0x0130A135+565557]
	Ordinal0 [0x01311D2C+597292]
	Ordinal0 [0x0130A0F1+565489]
	Ordinal0 [0x0130AEA2+568994]
	Ordinal0 [0x0130A421+566305]
	Ordinal0 [0x0130A815+567317]
	Ordinal0 [0x0130A135+565557]
	Ordinal0 [0x0130FE62+589410]
	Ordinal0 [0x0130A0F1+565489]
	Ordinal0 [0x0130AEA2+568994]
	Ordinal0 [0x0130A421+566305]
	Ordinal0 [0x0130A815+567317]
	Ordinal0 [0x0130A135+565557]
	Ordinal0 [0x0130F075+585845]
	Ordinal0 [0x0130A0F1+565489]
	Ordinal0 [0x0130AEA2+568994]
	Ordinal0 [0x0130A421+566305]
	Ordinal0 [0x0130A815+567317]
	Ordinal0 [0x0130A135+565557]
	Ordinal0 [0x01306776+550774]
	Ordinal0 [0x0130A0F1+565489]
	Ordinal0 [0x01309F13+565011]
	Ordinal0 [0x01309D07+564487]
	Ordinal0 [0x013182C0+623296]
	Ordinal0 [0x012B6BDD+224221]
	Ordinal0 [0x012B5CAC+220332]
	Ordinal0 [0x012B189B+202907]
	Ordinal0 [0x01293DF4+81396]
	Ordinal0 [0x01294DEE+85486]
	Ordinal0 [0x01294D79+85369]
	Ordinal0 [0x014A85DC+2262492]
	GetHandleVerifier [0x01732874+1487204]
	GetHandleVerifier [0x017323CD+1486013]
	GetHandleVerifier [0x0173A368+1518680]
	GetHandleVerifier [0x01732F4E+1488958]
	Ordinal0 [0x0149ED0D+2223373]
	Ordinal0 [0x014AA12B+2269483]
	Ordinal0 [0x014AA26F+2269807]
	Ordinal0 [0x014BECB8+2354360]
	BaseThreadInitThunk [0x76D9343D+18]
	RtlInitializeExceptionChain [0x77819802+99]
	RtlInitializeExceptionChain [0x778197D5+54]

	at org.openqa.selenium.remote.W3CHandshakeResponse.lambda$errorHandler$0(W3CHandshakeResponse.java:62)
	at org.openqa.selenium.remote.HandshakeResponse.lambda$getResponseFunction$0(HandshakeResponse.java:30)
	at org.openqa.selenium.remote.ProtocolHandshake.lambda$createSession$0(ProtocolHandshake.java:126)
	at java.util.stream.ReferencePipeline$3$1.accept(Unknown Source)
	at java.util.Spliterators$ArraySpliterator.tryAdvance(Unknown Source)
	at java.util.stream.ReferencePipeline.forEachWithCancel(Unknown Source)
	at java.util.stream.AbstractPipeline.copyIntoWithCancel(Unknown Source)
	at java.util.stream.AbstractPipeline.copyInto(Unknown Source)
	at java.util.stream.AbstractPipeline.wrapAndCopyInto(Unknown Source)
	at java.util.stream.FindOps$FindOp.evaluateSequential(Unknown Source)
	at java.util.stream.AbstractPipeline.evaluate(Unknown Source)
	at java.util.stream.ReferencePipeline.findFirst(Unknown Source)
	at org.openqa.selenium.remote.ProtocolHandshake.createSession(ProtocolHandshake.java:128)
	at org.openqa.selenium.remote.ProtocolHandshake.createSession(ProtocolHandshake.java:74)
	at org.openqa.selenium.remote.HttpCommandExecutor.execute(HttpCommandExecutor.java:136)
	at org.openqa.selenium.remote.service.DriverCommandExecutor.execute(DriverCommandExecutor.java:83)
	at org.openqa.selenium.remote.RemoteWebDriver.execute(RemoteWebDriver.java:552)
	at org.openqa.selenium.remote.RemoteWebDriver.startSession(RemoteWebDriver.java:213)
	at org.openqa.selenium.remote.RemoteWebDriver.&lt;init&gt;(RemoteWebDriver.java:131)
	at org.openqa.selenium.chrome.ChromeDriver.&lt;init&gt;(ChromeDriver.java:181)
	at org.openqa.selenium.chrome.ChromeDriver.&lt;init&gt;(ChromeDriver.java:168)
	at org.openqa.selenium.chrome.ChromeDriver.&lt;init&gt;(ChromeDriver.java:123)
	at base.BaseTests.initialize_driver(BaseTests.java:23)
	at base.BaseTests.setUp(BaseTests.java:53)
	at java.util.ArrayList.forEach(Unknown Source)
... Removed 35 stack frames</pre></div><a href='#' onClick='toggleBox("stack-trace777940932", this, "Click to show all stack frames", "Click to hide stack frames")'>Click to show all stack frames</a>
<div class='stack-trace' id='stack-trace777940932'><pre>org.openqa.selenium.SessionNotCreatedException: session not created
from disconnected: received Inspector.detached event
  (Session info: chrome=87.0.4280.141)
Build info: version: &apos;3.141.59&apos;, revision: &apos;e82be7d358&apos;, time: &apos;2018-11-14T08:17:03&apos;
System info: host: &apos;ABDOU-PC&apos;, ip: &apos;169.254.158.117&apos;, os.name: &apos;Windows 7&apos;, os.arch: &apos;amd64&apos;, os.version: &apos;6.1&apos;, java.version: &apos;1.8.0_131&apos;
Driver info: driver.version: ChromeDriver
remote stacktrace: Backtrace:
	Ordinal0 [0x015AC0C3+3326147]
	Ordinal0 [0x01490851+2164817]
	Ordinal0 [0x01317298+619160]
	Ordinal0 [0x0130BD04+572676]
	Ordinal0 [0x0130BA18+571928]
	Ordinal0 [0x0130B0C1+569537]
	Ordinal0 [0x0130A421+566305]
	Ordinal0 [0x0130A815+567317]
	Ordinal0 [0x0130A135+565557]
	Ordinal0 [0x013138B1+604337]
	Ordinal0 [0x0130A0F1+565489]
	Ordinal0 [0x0130AEA2+568994]
	Ordinal0 [0x0130A421+566305]
	Ordinal0 [0x0130A815+567317]
	Ordinal0 [0x0130A135+565557]
	Ordinal0 [0x01311D2C+597292]
	Ordinal0 [0x0130A0F1+565489]
	Ordinal0 [0x0130AEA2+568994]
	Ordinal0 [0x0130A421+566305]
	Ordinal0 [0x0130A815+567317]
	Ordinal0 [0x0130A135+565557]
	Ordinal0 [0x0130FE62+589410]
	Ordinal0 [0x0130A0F1+565489]
	Ordinal0 [0x0130AEA2+568994]
	Ordinal0 [0x0130A421+566305]
	Ordinal0 [0x0130A815+567317]
	Ordinal0 [0x0130A135+565557]
	Ordinal0 [0x0130F075+585845]
	Ordinal0 [0x0130A0F1+565489]
	Ordinal0 [0x0130AEA2+568994]
	Ordinal0 [0x0130A421+566305]
	Ordinal0 [0x0130A815+567317]
	Ordinal0 [0x0130A135+565557]
	Ordinal0 [0x01306776+550774]
	Ordinal0 [0x0130A0F1+565489]
	Ordinal0 [0x01309F13+565011]
	Ordinal0 [0x01309D07+564487]
	Ordinal0 [0x013182C0+623296]
	Ordinal0 [0x012B6BDD+224221]
	Ordinal0 [0x012B5CAC+220332]
	Ordinal0 [0x012B189B+202907]
	Ordinal0 [0x01293DF4+81396]
	Ordinal0 [0x01294DEE+85486]
	Ordinal0 [0x01294D79+85369]
	Ordinal0 [0x014A85DC+2262492]
	GetHandleVerifier [0x01732874+1487204]
	GetHandleVerifier [0x017323CD+1486013]
	GetHandleVerifier [0x0173A368+1518680]
	GetHandleVerifier [0x01732F4E+1488958]
	Ordinal0 [0x0149ED0D+2223373]
	Ordinal0 [0x014AA12B+2269483]
	Ordinal0 [0x014AA26F+2269807]
	Ordinal0 [0x014BECB8+2354360]
	BaseThreadInitThunk [0x76D9343D+18]
	RtlInitializeExceptionChain [0x77819802+99]
	RtlInitializeExceptionChain [0x778197D5+54]

	at sun.reflect.NativeConstructorAccessorImpl.newInstance0(Native Method)
	at sun.reflect.NativeConstructorAccessorImpl.newInstance(Unknown Source)
	at sun.reflect.DelegatingConstructorAccessorImpl.newInstance(Unknown Source)
	at java.lang.reflect.Constructor.newInstance(Unknown Source)
	at org.openqa.selenium.remote.W3CHandshakeResponse.lambda$errorHandler$0(W3CHandshakeResponse.java:62)
	at org.openqa.selenium.remote.HandshakeResponse.lambda$getResponseFunction$0(HandshakeResponse.java:30)
	at org.openqa.selenium.remote.ProtocolHandshake.lambda$createSession$0(ProtocolHandshake.java:126)
	at java.util.stream.ReferencePipeline$3$1.accept(Unknown Source)
	at java.util.Spliterators$ArraySpliterator.tryAdvance(Unknown Source)
	at java.util.stream.ReferencePipeline.forEachWithCancel(Unknown Source)
	at java.util.stream.AbstractPipeline.copyIntoWithCancel(Unknown Source)
	at java.util.stream.AbstractPipeline.copyInto(Unknown Source)
	at java.util.stream.AbstractPipeline.wrapAndCopyInto(Unknown Source)
	at java.util.stream.FindOps$FindOp.evaluateSequential(Unknown Source)
	at java.util.stream.AbstractPipeline.evaluate(Unknown Source)
	at java.util.stream.ReferencePipeline.findFirst(Unknown Source)
	at org.openqa.selenium.remote.ProtocolHandshake.createSession(ProtocolHandshake.java:128)
	at org.openqa.selenium.remote.ProtocolHandshake.createSession(ProtocolHandshake.java:74)
	at org.openqa.selenium.remote.HttpCommandExecutor.execute(HttpCommandExecutor.java:136)
	at org.openqa.selenium.remote.service.DriverCommandExecutor.execute(DriverCommandExecutor.java:83)
	at org.openqa.selenium.remote.RemoteWebDriver.execute(RemoteWebDriver.java:552)
	at org.openqa.selenium.remote.RemoteWebDriver.startSession(RemoteWebDriver.java:213)
	at org.openqa.selenium.remote.RemoteWebDriver.&lt;init&gt;(RemoteWebDriver.java:131)
	at org.openqa.selenium.chrome.ChromeDriver.&lt;init&gt;(ChromeDriver.java:181)
	at org.openqa.selenium.chrome.ChromeDriver.&lt;init&gt;(ChromeDriver.java:168)
	at org.openqa.selenium.chrome.ChromeDriver.&lt;init&gt;(ChromeDriver.java:123)
	at base.BaseTests.initialize_driver(BaseTests.java:23)
	at base.BaseTests.setUp(BaseTests.java:53)
	at sun.reflect.NativeMethodAccessorImpl.invoke0(Native Method)
	at sun.reflect.NativeMethodAccessorImpl.invoke(Unknown Source)
	at sun.reflect.DelegatingMethodAccessorImpl.invoke(Unknown Source)
	at java.lang.reflect.Method.invoke(Unknown Source)
	at org.testng.internal.MethodInvocationHelper.invokeMethod(MethodInvocationHelper.java:133)
	at org.testng.internal.MethodInvocationHelper.invokeMethodConsideringTimeout(MethodInvocationHelper.java:62)
	at org.testng.internal.ConfigInvoker.invokeConfigurationMethod(ConfigInvoker.java:340)
	at org.testng.internal.ConfigInvoker.invokeConfigurations(ConfigInvoker.java:294)
	at org.testng.internal.TestInvoker.runConfigMethods(TestInvoker.java:683)
	at org.testng.internal.TestInvoker.invokeMethod(TestInvoker.java:510)
	at org.testng.internal.TestInvoker.invokeTestMethod(TestInvoker.java:172)
	at org.testng.internal.MethodRunner.runInSequence(MethodRunner.java:46)
	at org.testng.internal.TestInvoker$MethodInvocationAgent.invoke(TestInvoker.java:804)
	at org.testng.internal.TestInvoker.invokeTestMethods(TestInvoker.java:145)
	at org.testng.internal.TestMethodWorker.invokeTestMethods(TestMethodWorker.java:146)
	at org.testng.internal.TestMethodWorker.run(TestMethodWorker.java:128)
	at java.util.ArrayList.forEach(Unknown Source)
	at org.testng.TestRunner.privateRun(TestRunner.java:770)
	at org.testng.TestRunner.run(TestRunner.java:591)
	at org.testng.SuiteRunner.runTest(SuiteRunner.java:402)
	at org.testng.SuiteRunner.runSequentially(SuiteRunner.java:396)
	at org.testng.SuiteRunner.privateRun(SuiteRunner.java:355)
	at org.testng.SuiteRunner.run(SuiteRunner.java:304)
	at org.testng.SuiteRunnerWorker.runSuite(SuiteRunnerWorker.java:53)
	at org.testng.SuiteRunnerWorker.run(SuiteRunnerWorker.java:96)
	at org.testng.TestNG.runSuitesSequentially(TestNG.java:1180)
	at org.testng.TestNG.runSuitesLocally(TestNG.java:1102)
	at org.testng.TestNG.runSuites(TestNG.java:1032)
	at org.testng.TestNG.run(TestNG.java:1000)
	at org.testng.remote.AbstractRemoteTestNG.run(AbstractRemoteTestNG.java:115)
	at org.testng.remote.RemoteTestNG.initAndRun(RemoteTestNG.java:251)
	at org.testng.remote.RemoteTestNG.main(RemoteTestNG.java:77)
</pre></div></td>
<td>0</td>
<td>test.Test1@2d8f2f3a</td></tr>
<tr>
<td title='test.Test1.test4()'><b>test4</b><br>Test class: test.Test1</td>
<td><div><pre>org.openqa.selenium.SessionNotCreatedException: session not created
from disconnected: received Inspector.detached event
  (Session info: chrome=87.0.4280.141)
Build info: version: &apos;3.141.59&apos;, revision: &apos;e82be7d358&apos;, time: &apos;2018-11-14T08:17:03&apos;
System info: host: &apos;ABDOU-PC&apos;, ip: &apos;169.254.158.117&apos;, os.name: &apos;Windows 7&apos;, os.arch: &apos;amd64&apos;, os.version: &apos;6.1&apos;, java.version: &apos;1.8.0_131&apos;
Driver info: driver.version: ChromeDriver
remote stacktrace: Backtrace:
	Ordinal0 [0x015AC0C3+3326147]
	Ordinal0 [0x01490851+2164817]
	Ordinal0 [0x01317298+619160]
	Ordinal0 [0x0130BD04+572676]
	Ordinal0 [0x0130BA18+571928]
	Ordinal0 [0x0130B0C1+569537]
	Ordinal0 [0x0130A421+566305]
	Ordinal0 [0x0130A815+567317]
	Ordinal0 [0x0130A135+565557]
	Ordinal0 [0x013138B1+604337]
	Ordinal0 [0x0130A0F1+565489]
	Ordinal0 [0x0130AEA2+568994]
	Ordinal0 [0x0130A421+566305]
	Ordinal0 [0x0130A815+567317]
	Ordinal0 [0x0130A135+565557]
	Ordinal0 [0x01311D2C+597292]
	Ordinal0 [0x0130A0F1+565489]
	Ordinal0 [0x0130AEA2+568994]
	Ordinal0 [0x0130A421+566305]
	Ordinal0 [0x0130A815+567317]
	Ordinal0 [0x0130A135+565557]
	Ordinal0 [0x0130FE62+589410]
	Ordinal0 [0x0130A0F1+565489]
	Ordinal0 [0x0130AEA2+568994]
	Ordinal0 [0x0130A421+566305]
	Ordinal0 [0x0130A815+567317]
	Ordinal0 [0x0130A135+565557]
	Ordinal0 [0x0130F075+585845]
	Ordinal0 [0x0130A0F1+565489]
	Ordinal0 [0x0130AEA2+568994]
	Ordinal0 [0x0130A421+566305]
	Ordinal0 [0x0130A815+567317]
	Ordinal0 [0x0130A135+565557]
	Ordinal0 [0x01306776+550774]
	Ordinal0 [0x0130A0F1+565489]
	Ordinal0 [0x01309F13+565011]
	Ordinal0 [0x01309D07+564487]
	Ordinal0 [0x013182C0+623296]
	Ordinal0 [0x012B6BDD+224221]
	Ordinal0 [0x012B5CAC+220332]
	Ordinal0 [0x012B189B+202907]
	Ordinal0 [0x01293DF4+81396]
	Ordinal0 [0x01294DEE+85486]
	Ordinal0 [0x01294D79+85369]
	Ordinal0 [0x014A85DC+2262492]
	GetHandleVerifier [0x01732874+1487204]
	GetHandleVerifier [0x017323CD+1486013]
	GetHandleVerifier [0x0173A368+1518680]
	GetHandleVerifier [0x01732F4E+1488958]
	Ordinal0 [0x0149ED0D+2223373]
	Ordinal0 [0x014AA12B+2269483]
	Ordinal0 [0x014AA26F+2269807]
	Ordinal0 [0x014BECB8+2354360]
	BaseThreadInitThunk [0x76D9343D+18]
	RtlInitializeExceptionChain [0x77819802+99]
	RtlInitializeExceptionChain [0x778197D5+54]

	at org.openqa.selenium.remote.W3CHandshakeResponse.lambda$errorHandler$0(W3CHandshakeResponse.java:62)
	at org.openqa.selenium.remote.HandshakeResponse.lambda$getResponseFunction$0(HandshakeResponse.java:30)
	at org.openqa.selenium.remote.ProtocolHandshake.lambda$createSession$0(ProtocolHandshake.java:126)
	at java.util.stream.ReferencePipeline$3$1.accept(Unknown Source)
	at java.util.Spliterators$ArraySpliterator.tryAdvance(Unknown Source)
	at java.util.stream.ReferencePipeline.forEachWithCancel(Unknown Source)
	at java.util.stream.AbstractPipeline.copyIntoWithCancel(Unknown Source)
	at java.util.stream.AbstractPipeline.copyInto(Unknown Source)
	at java.util.stream.AbstractPipeline.wrapAndCopyInto(Unknown Source)
	at java.util.stream.FindOps$FindOp.evaluateSequential(Unknown Source)
	at java.util.stream.AbstractPipeline.evaluate(Unknown Source)
	at java.util.stream.ReferencePipeline.findFirst(Unknown Source)
	at org.openqa.selenium.remote.ProtocolHandshake.createSession(ProtocolHandshake.java:128)
	at org.openqa.selenium.remote.ProtocolHandshake.createSession(ProtocolHandshake.java:74)
	at org.openqa.selenium.remote.HttpCommandExecutor.execute(HttpCommandExecutor.java:136)
	at org.openqa.selenium.remote.service.DriverCommandExecutor.execute(DriverCommandExecutor.java:83)
	at org.openqa.selenium.remote.RemoteWebDriver.execute(RemoteWebDriver.java:552)
	at org.openqa.selenium.remote.RemoteWebDriver.startSession(RemoteWebDriver.java:213)
	at org.openqa.selenium.remote.RemoteWebDriver.&lt;init&gt;(RemoteWebDriver.java:131)
	at org.openqa.selenium.chrome.ChromeDriver.&lt;init&gt;(ChromeDriver.java:181)
	at org.openqa.selenium.chrome.ChromeDriver.&lt;init&gt;(ChromeDriver.java:168)
	at org.openqa.selenium.chrome.ChromeDriver.&lt;init&gt;(ChromeDriver.java:123)
	at base.BaseTests.initialize_driver(BaseTests.java:23)
	at base.BaseTests.setUp(BaseTests.java:53)
	at java.util.ArrayList.forEach(Unknown Source)
... Removed 35 stack frames</pre></div><a href='#' onClick='toggleBox("stack-trace1568507411", this, "Click to show all stack frames", "Click to hide stack frames")'>Click to show all stack frames</a>
<div class='stack-trace' id='stack-trace1568507411'><pre>org.openqa.selenium.SessionNotCreatedException: session not created
from disconnected: received Inspector.detached event
  (Session info: chrome=87.0.4280.141)
Build info: version: &apos;3.141.59&apos;, revision: &apos;e82be7d358&apos;, time: &apos;2018-11-14T08:17:03&apos;
System info: host: &apos;ABDOU-PC&apos;, ip: &apos;169.254.158.117&apos;, os.name: &apos;Windows 7&apos;, os.arch: &apos;amd64&apos;, os.version: &apos;6.1&apos;, java.version: &apos;1.8.0_131&apos;
Driver info: driver.version: ChromeDriver
remote stacktrace: Backtrace:
	Ordinal0 [0x015AC0C3+3326147]
	Ordinal0 [0x01490851+2164817]
	Ordinal0 [0x01317298+619160]
	Ordinal0 [0x0130BD04+572676]
	Ordinal0 [0x0130BA18+571928]
	Ordinal0 [0x0130B0C1+569537]
	Ordinal0 [0x0130A421+566305]
	Ordinal0 [0x0130A815+567317]
	Ordinal0 [0x0130A135+565557]
	Ordinal0 [0x013138B1+604337]
	Ordinal0 [0x0130A0F1+565489]
	Ordinal0 [0x0130AEA2+568994]
	Ordinal0 [0x0130A421+566305]
	Ordinal0 [0x0130A815+567317]
	Ordinal0 [0x0130A135+565557]
	Ordinal0 [0x01311D2C+597292]
	Ordinal0 [0x0130A0F1+565489]
	Ordinal0 [0x0130AEA2+568994]
	Ordinal0 [0x0130A421+566305]
	Ordinal0 [0x0130A815+567317]
	Ordinal0 [0x0130A135+565557]
	Ordinal0 [0x0130FE62+589410]
	Ordinal0 [0x0130A0F1+565489]
	Ordinal0 [0x0130AEA2+568994]
	Ordinal0 [0x0130A421+566305]
	Ordinal0 [0x0130A815+567317]
	Ordinal0 [0x0130A135+565557]
	Ordinal0 [0x0130F075+585845]
	Ordinal0 [0x0130A0F1+565489]
	Ordinal0 [0x0130AEA2+568994]
	Ordinal0 [0x0130A421+566305]
	Ordinal0 [0x0130A815+567317]
	Ordinal0 [0x0130A135+565557]
	Ordinal0 [0x01306776+550774]
	Ordinal0 [0x0130A0F1+565489]
	Ordinal0 [0x01309F13+565011]
	Ordinal0 [0x01309D07+564487]
	Ordinal0 [0x013182C0+623296]
	Ordinal0 [0x012B6BDD+224221]
	Ordinal0 [0x012B5CAC+220332]
	Ordinal0 [0x012B189B+202907]
	Ordinal0 [0x01293DF4+81396]
	Ordinal0 [0x01294DEE+85486]
	Ordinal0 [0x01294D79+85369]
	Ordinal0 [0x014A85DC+2262492]
	GetHandleVerifier [0x01732874+1487204]
	GetHandleVerifier [0x017323CD+1486013]
	GetHandleVerifier [0x0173A368+1518680]
	GetHandleVerifier [0x01732F4E+1488958]
	Ordinal0 [0x0149ED0D+2223373]
	Ordinal0 [0x014AA12B+2269483]
	Ordinal0 [0x014AA26F+2269807]
	Ordinal0 [0x014BECB8+2354360]
	BaseThreadInitThunk [0x76D9343D+18]
	RtlInitializeExceptionChain [0x77819802+99]
	RtlInitializeExceptionChain [0x778197D5+54]

	at sun.reflect.NativeConstructorAccessorImpl.newInstance0(Native Method)
	at sun.reflect.NativeConstructorAccessorImpl.newInstance(Unknown Source)
	at sun.reflect.DelegatingConstructorAccessorImpl.newInstance(Unknown Source)
	at java.lang.reflect.Constructor.newInstance(Unknown Source)
	at org.openqa.selenium.remote.W3CHandshakeResponse.lambda$errorHandler$0(W3CHandshakeResponse.java:62)
	at org.openqa.selenium.remote.HandshakeResponse.lambda$getResponseFunction$0(HandshakeResponse.java:30)
	at org.openqa.selenium.remote.ProtocolHandshake.lambda$createSession$0(ProtocolHandshake.java:126)
	at java.util.stream.ReferencePipeline$3$1.accept(Unknown Source)
	at java.util.Spliterators$ArraySpliterator.tryAdvance(Unknown Source)
	at java.util.stream.ReferencePipeline.forEachWithCancel(Unknown Source)
	at java.util.stream.AbstractPipeline.copyIntoWithCancel(Unknown Source)
	at java.util.stream.AbstractPipeline.copyInto(Unknown Source)
	at java.util.stream.AbstractPipeline.wrapAndCopyInto(Unknown Source)
	at java.util.stream.FindOps$FindOp.evaluateSequential(Unknown Source)
	at java.util.stream.AbstractPipeline.evaluate(Unknown Source)
	at java.util.stream.ReferencePipeline.findFirst(Unknown Source)
	at org.openqa.selenium.remote.ProtocolHandshake.createSession(ProtocolHandshake.java:128)
	at org.openqa.selenium.remote.ProtocolHandshake.createSession(ProtocolHandshake.java:74)
	at org.openqa.selenium.remote.HttpCommandExecutor.execute(HttpCommandExecutor.java:136)
	at org.openqa.selenium.remote.service.DriverCommandExecutor.execute(DriverCommandExecutor.java:83)
	at org.openqa.selenium.remote.RemoteWebDriver.execute(RemoteWebDriver.java:552)
	at org.openqa.selenium.remote.RemoteWebDriver.startSession(RemoteWebDriver.java:213)
	at org.openqa.selenium.remote.RemoteWebDriver.&lt;init&gt;(RemoteWebDriver.java:131)
	at org.openqa.selenium.chrome.ChromeDriver.&lt;init&gt;(ChromeDriver.java:181)
	at org.openqa.selenium.chrome.ChromeDriver.&lt;init&gt;(ChromeDriver.java:168)
	at org.openqa.selenium.chrome.ChromeDriver.&lt;init&gt;(ChromeDriver.java:123)
	at base.BaseTests.initialize_driver(BaseTests.java:23)
	at base.BaseTests.setUp(BaseTests.java:53)
	at sun.reflect.NativeMethodAccessorImpl.invoke0(Native Method)
	at sun.reflect.NativeMethodAccessorImpl.invoke(Unknown Source)
	at sun.reflect.DelegatingMethodAccessorImpl.invoke(Unknown Source)
	at java.lang.reflect.Method.invoke(Unknown Source)
	at org.testng.internal.MethodInvocationHelper.invokeMethod(MethodInvocationHelper.java:133)
	at org.testng.internal.MethodInvocationHelper.invokeMethodConsideringTimeout(MethodInvocationHelper.java:62)
	at org.testng.internal.ConfigInvoker.invokeConfigurationMethod(ConfigInvoker.java:340)
	at org.testng.internal.ConfigInvoker.invokeConfigurations(ConfigInvoker.java:294)
	at org.testng.internal.TestInvoker.runConfigMethods(TestInvoker.java:683)
	at org.testng.internal.TestInvoker.invokeMethod(TestInvoker.java:510)
	at org.testng.internal.TestInvoker.invokeTestMethod(TestInvoker.java:172)
	at org.testng.internal.MethodRunner.runInSequence(MethodRunner.java:46)
	at org.testng.internal.TestInvoker$MethodInvocationAgent.invoke(TestInvoker.java:804)
	at org.testng.internal.TestInvoker.invokeTestMethods(TestInvoker.java:145)
	at org.testng.internal.TestMethodWorker.invokeTestMethods(TestMethodWorker.java:146)
	at org.testng.internal.TestMethodWorker.run(TestMethodWorker.java:128)
	at java.util.ArrayList.forEach(Unknown Source)
	at org.testng.TestRunner.privateRun(TestRunner.java:770)
	at org.testng.TestRunner.run(TestRunner.java:591)
	at org.testng.SuiteRunner.runTest(SuiteRunner.java:402)
	at org.testng.SuiteRunner.runSequentially(SuiteRunner.java:396)
	at org.testng.SuiteRunner.privateRun(SuiteRunner.java:355)
	at org.testng.SuiteRunner.run(SuiteRunner.java:304)
	at org.testng.SuiteRunnerWorker.runSuite(SuiteRunnerWorker.java:53)
	at org.testng.SuiteRunnerWorker.run(SuiteRunnerWorker.java:96)
	at org.testng.TestNG.runSuitesSequentially(TestNG.java:1180)
	at org.testng.TestNG.runSuitesLocally(TestNG.java:1102)
	at org.testng.TestNG.runSuites(TestNG.java:1032)
	at org.testng.TestNG.run(TestNG.java:1000)
	at org.testng.remote.AbstractRemoteTestNG.run(AbstractRemoteTestNG.java:115)
	at org.testng.remote.RemoteTestNG.initAndRun(RemoteTestNG.java:251)
	at org.testng.remote.RemoteTestNG.main(RemoteTestNG.java:77)
</pre></div></td>
<td>0</td>
<td>test.Test1@2d8f2f3a</td></tr>
</table><p>
</body>
</html>