<?xml version="1.0" encoding="UTF-8"?>
<!-- Generated by org.testng.reporters.JUnitXMLReporter -->
<testsuite hostname="Abdou-PC" ignored="0" name="Test" tests="4" failures="0" timestamp="2021-01-11T02:22:27 GMT+01:00" time="9.72" errors="0">
  <testcase name="@BeforeMethod setUp" time="9.285" classname="base.BaseTests">
    <failure type="org.openqa.selenium.SessionNotCreatedException" message="session not created
from disconnected: received Inspector.detached event
  (Session info: chrome=87.0.4280.141)
Build info: version: &amp;apos;3.141.59&amp;apos;, revision: &amp;apos;e82be7d358&amp;apos;, time: &amp;apos;2018-11-14T08:17:03&amp;apos;
System info: host: &amp;apos;ABDOU-PC&amp;apos;, ip: &amp;apos;169.254.158.117&amp;apos;, os.name: &amp;apos;Windows 7&amp;apos;, os.arch: &amp;apos;amd64&amp;apos;, os.version: &amp;apos;6.1&amp;apos;, java.version: &amp;apos;1.8.0_131&amp;apos;
Driver info: driver.version: ChromeDriver
remote stacktrace: Backtrace:
	Ordinal0 [0x015AC0C3+3326147]
	Ordinal0 [0x01490851+2164817]
	Ordinal0 [0x01317298+619160]
	Ordinal0 [0x0130BD04+572676]
	Ordinal0 [0x0130BA18+571928]
	Ordinal0 [0x0130B0C1+569537]
	Ordinal0 [0x0130A421+566305]
	Ordinal0 [0x0130A815+567317]
	Ordinal0 [0x0130A135+565557]
	Ordinal0 [0x013138B1+604337]
	Ordinal0 [0x0130A0F1+565489]
	Ordinal0 [0x0130AEA2+568994]
	Ordinal0 [0x0130A421+566305]
	Ordinal0 [0x0130A815+567317]
	Ordinal0 [0x0130A135+565557]
	Ordinal0 [0x01311D2C+597292]
	Ordinal0 [0x0130A0F1+565489]
	Ordinal0 [0x0130AEA2+568994]
	Ordinal0 [0x0130A421+566305]
	Ordinal0 [0x0130A815+567317]
	Ordinal0 [0x0130A135+565557]
	Ordinal0 [0x0130FE62+589410]
	Ordinal0 [0x0130A0F1+565489]
	Ordinal0 [0x0130AEA2+568994]
	Ordinal0 [0x0130A421+566305]
	Ordinal0 [0x0130A815+567317]
	Ordinal0 [0x0130A135+565557]
	Ordinal0 [0x0130F075+585845]
	Ordinal0 [0x0130A0F1+565489]
	Ordinal0 [0x0130AEA2+568994]
	Ordinal0 [0x0130A421+566305]
	Ordinal0 [0x0130A815+567317]
	Ordinal0 [0x0130A135+565557]
	Ordinal0 [0x01306776+550774]
	Ordinal0 [0x0130A0F1+565489]
	Ordinal0 [0x01309F13+565011]
	Ordinal0 [0x01309D07+564487]
	Ordinal0 [0x013182C0+623296]
	Ordinal0 [0x012B6BDD+224221]
	Ordinal0 [0x012B5CAC+220332]
	Ordinal0 [0x012B189B+202907]
	Ordinal0 [0x01293DF4+81396]
	Ordinal0 [0x01294DEE+85486]
	Ordinal0 [0x01294D79+85369]
	Ordinal0 [0x014A85DC+2262492]
	GetHandleVerifier [0x01732874+1487204]
	GetHandleVerifier [0x017323CD+1486013]
	GetHandleVerifier [0x0173A368+1518680]
	GetHandleVerifier [0x01732F4E+1488958]
	Ordinal0 [0x0149ED0D+2223373]
	Ordinal0 [0x014AA12B+2269483]
	Ordinal0 [0x014AA26F+2269807]
	Ordinal0 [0x014BECB8+2354360]
	BaseThreadInitThunk [0x76D9343D+18]
	RtlInitializeExceptionChain [0x77819802+99]
	RtlInitializeExceptionChain [0x778197D5+54]
">
      <![CDATA[org.openqa.selenium.SessionNotCreatedException: session not created
from disconnected: received Inspector.detached event
  (Session info: chrome=87.0.4280.141)
Build info: version: '3.141.59', revision: 'e82be7d358', time: '2018-11-14T08:17:03'
System info: host: 'ABDOU-PC', ip: '169.254.158.117', os.name: 'Windows 7', os.arch: 'amd64', os.version: '6.1', java.version: '1.8.0_131'
Driver info: driver.version: ChromeDriver
remote stacktrace: Backtrace:
Ordinal0 [0x015AC0C3+3326147]
Ordinal0 [0x01490851+2164817]
Ordinal0 [0x01317298+619160]
Ordinal0 [0x0130BD04+572676]
Ordinal0 [0x0130BA18+571928]
Ordinal0 [0x0130B0C1+569537]
Ordinal0 [0x0130A421+566305]
Ordinal0 [0x0130A815+567317]
Ordinal0 [0x0130A135+565557]
Ordinal0 [0x013138B1+604337]
Ordinal0 [0x0130A0F1+565489]
Ordinal0 [0x0130AEA2+568994]
Ordinal0 [0x0130A421+566305]
Ordinal0 [0x0130A815+567317]
Ordinal0 [0x0130A135+565557]
Ordinal0 [0x01311D2C+597292]
Ordinal0 [0x0130A0F1+565489]
Ordinal0 [0x0130AEA2+568994]
Ordinal0 [0x0130A421+566305]
Ordinal0 [0x0130A815+567317]
Ordinal0 [0x0130A135+565557]
Ordinal0 [0x0130FE62+589410]
Ordinal0 [0x0130A0F1+565489]
Ordinal0 [0x0130AEA2+568994]
Ordinal0 [0x0130A421+566305]
Ordinal0 [0x0130A815+567317]
Ordinal0 [0x0130A135+565557]
Ordinal0 [0x0130F075+585845]
Ordinal0 [0x0130A0F1+565489]
Ordinal0 [0x0130AEA2+568994]
Ordinal0 [0x0130A421+566305]
Ordinal0 [0x0130A815+567317]
Ordinal0 [0x0130A135+565557]
Ordinal0 [0x01306776+550774]
Ordinal0 [0x0130A0F1+565489]
Ordinal0 [0x01309F13+565011]
Ordinal0 [0x01309D07+564487]
Ordinal0 [0x013182C0+623296]
Ordinal0 [0x012B6BDD+224221]
Ordinal0 [0x012B5CAC+220332]
Ordinal0 [0x012B189B+202907]
Ordinal0 [0x01293DF4+81396]
Ordinal0 [0x01294DEE+85486]
Ordinal0 [0x01294D79+85369]
Ordinal0 [0x014A85DC+2262492]
GetHandleVerifier [0x01732874+1487204]
GetHandleVerifier [0x017323CD+1486013]
GetHandleVerifier [0x0173A368+1518680]
GetHandleVerifier [0x01732F4E+1488958]
Ordinal0 [0x0149ED0D+2223373]
Ordinal0 [0x014AA12B+2269483]
Ordinal0 [0x014AA26F+2269807]
Ordinal0 [0x014BECB8+2354360]
BaseThreadInitThunk [0x76D9343D+18]
RtlInitializeExceptionChain [0x77819802+99]
RtlInitializeExceptionChain [0x778197D5+54]

at org.openqa.selenium.remote.W3CHandshakeResponse.lambda$errorHandler$0(W3CHandshakeResponse.java:62)
at org.openqa.selenium.remote.HandshakeResponse.lambda$getResponseFunction$0(HandshakeResponse.java:30)
at org.openqa.selenium.remote.ProtocolHandshake.lambda$createSession$0(ProtocolHandshake.java:126)
at java.util.stream.ReferencePipeline$3$1.accept(Unknown Source)
at java.util.Spliterators$ArraySpliterator.tryAdvance(Unknown Source)
at java.util.stream.ReferencePipeline.forEachWithCancel(Unknown Source)
at java.util.stream.AbstractPipeline.copyIntoWithCancel(Unknown Source)
at java.util.stream.AbstractPipeline.copyInto(Unknown Source)
at java.util.stream.AbstractPipeline.wrapAndCopyInto(Unknown Source)
at java.util.stream.FindOps$FindOp.evaluateSequential(Unknown Source)
at java.util.stream.AbstractPipeline.evaluate(Unknown Source)
at java.util.stream.ReferencePipeline.findFirst(Unknown Source)
at org.openqa.selenium.remote.ProtocolHandshake.createSession(ProtocolHandshake.java:128)
at org.openqa.selenium.remote.ProtocolHandshake.createSession(ProtocolHandshake.java:74)
at org.openqa.selenium.remote.HttpCommandExecutor.execute(HttpCommandExecutor.java:136)
at org.openqa.selenium.remote.service.DriverCommandExecutor.execute(DriverCommandExecutor.java:83)
at org.openqa.selenium.remote.RemoteWebDriver.execute(RemoteWebDriver.java:552)
at org.openqa.selenium.remote.RemoteWebDriver.startSession(RemoteWebDriver.java:213)
at org.openqa.selenium.remote.RemoteWebDriver.<init>(RemoteWebDriver.java:131)
at org.openqa.selenium.chrome.ChromeDriver.<init>(ChromeDriver.java:181)
at org.openqa.selenium.chrome.ChromeDriver.<init>(ChromeDriver.java:168)
at org.openqa.selenium.chrome.ChromeDriver.<init>(ChromeDriver.java:123)
at base.BaseTests.initialize_driver(BaseTests.java:23)
at base.BaseTests.setUp(BaseTests.java:53)
at java.util.ArrayList.forEach(Unknown Source)
... Removed 35 stack frames]]>
    </failure>
  </testcase> <!-- @BeforeMethod setUp -->
  <testcase name="@AfterMethod tearDown" time="-1.610328147476E9" classname="base.BaseTests">
    <skipped/>
  </testcase> <!-- @AfterMethod tearDown -->
  <testcase name="@BeforeMethod setUp" time="-1.610328147483E9" classname="base.BaseTests">
    <skipped/>
  </testcase> <!-- @BeforeMethod setUp -->
  <testcase name="@AfterMethod tearDown" time="-1.610328147502E9" classname="base.BaseTests">
    <skipped/>
  </testcase> <!-- @AfterMethod tearDown -->
  <testcase name="@BeforeMethod setUp" time="-1.610328147507E9" classname="base.BaseTests">
    <skipped/>
  </testcase> <!-- @BeforeMethod setUp -->
  <testcase name="@AfterMethod tearDown" time="-1.610328147528E9" classname="base.BaseTests">
    <skipped/>
  </testcase> <!-- @AfterMethod tearDown -->
  <testcase name="@BeforeMethod setUp" time="-1.610328147531E9" classname="base.BaseTests">
    <skipped/>
  </testcase> <!-- @BeforeMethod setUp -->
  <testcase name="@AfterMethod tearDown" time="-1.610328147553E9" classname="base.BaseTests">
    <skipped/>
  </testcase> <!-- @AfterMethod tearDown -->
  <testcase name="test1" time="0.0" classname="test.Test1">
    <skipped/>
  </testcase> <!-- test1 -->
  <testcase name="test2" time="0.0" classname="test.Test1">
    <skipped/>
  </testcase> <!-- test2 -->
  <testcase name="test3" time="0.0" classname="test.Test1">
    <skipped/>
  </testcase> <!-- test3 -->
  <testcase name="test4" time="0.0" classname="test.Test1">
    <skipped/>
  </testcase> <!-- test4 -->
</testsuite> <!-- Test -->
