<?xml version="1.0" encoding="UTF-8"?>
<!-- Generated by org.testng.reporters.JUnitReportReporter -->
<testsuite skipped="4" hostname="Abdou-PC" name="test.Test1" tests="5" failures="0" timestamp="2021-01-11T02:22:27 GMT+01:00" time="9.285" errors="1">
  <testcase name="setUp" time="9.285" classname="test.Test1">
    <error type="org.openqa.selenium.SessionNotCreatedException" message="session not created
from disconnected: received Inspector.detached event
  (Session info: chrome=87.0.4280.141)
Build info: version: &#039;3.141.59&#039;, revision: &#039;e82be7d358&#039;, time: &#039;2018-11-14T08:17:03&#039;
System info: host: &#039;ABDOU-PC&#039;, ip: &#039;169.254.158.117&#039;, os.name: &#039;Windows 7&#039;, os.arch: &#039;amd64&#039;, os.version: &#039;6.1&#039;, java.version: &#039;1.8.0_131&#039;
Driver info: driver.version: ChromeDriver
remote stacktrace: Backtrace:
	Ordinal0 [0x015AC0C3+3326147]
	Ordinal0 [0x01490851+2164817]
	Ordinal0 [0x01317298+619160]
	Ordinal0 [0x0130BD04+572676]
	Ordinal0 [0x0130BA18+571928]
	Ordinal0 [0x0130B0C1+569537]
	Ordinal0 [0x0130A421+566305]
	Ordinal0 [0x0130A815+567317]
	Ordinal0 [0x0130A135+565557]
	Ordinal0 [0x013138B1+604337]
	Ordinal0 [0x0130A0F1+565489]
	Ordinal0 [0x0130AEA2+568994]
	Ordinal0 [0x0130A421+566305]
	Ordinal0 [0x0130A815+567317]
	Ordinal0 [0x0130A135+565557]
	Ordinal0 [0x01311D2C+597292]
	Ordinal0 [0x0130A0F1+565489]
	Ordinal0 [0x0130AEA2+568994]
	Ordinal0 [0x0130A421+566305]
	Ordinal0 [0x0130A815+567317]
	Ordinal0 [0x0130A135+565557]
	Ordinal0 [0x0130FE62+589410]
	Ordinal0 [0x0130A0F1+565489]
	Ordinal0 [0x0130AEA2+568994]
	Ordinal0 [0x0130A421+566305]
	Ordinal0 [0x0130A815+567317]
	Ordinal0 [0x0130A135+565557]
	Ordinal0 [0x0130F075+585845]
	Ordinal0 [0x0130A0F1+565489]
	Ordinal0 [0x0130AEA2+568994]
	Ordinal0 [0x0130A421+566305]
	Ordinal0 [0x0130A815+567317]
	Ordinal0 [0x0130A135+565557]
	Ordinal0 [0x01306776+550774]
	Ordinal0 [0x0130A0F1+565489]
	Ordinal0 [0x01309F13+565011]
	Ordinal0 [0x01309D07+564487]
	Ordinal0 [0x013182C0+623296]
	Ordinal0 [0x012B6BDD+224221]
	Ordinal0 [0x012B5CAC+220332]
	Ordinal0 [0x012B189B+202907]
	Ordinal0 [0x01293DF4+81396]
	Ordinal0 [0x01294DEE+85486]
	Ordinal0 [0x01294D79+85369]
	Ordinal0 [0x014A85DC+2262492]
	GetHandleVerifier [0x01732874+1487204]
	GetHandleVerifier [0x017323CD+1486013]
	GetHandleVerifier [0x0173A368+1518680]
	GetHandleVerifier [0x01732F4E+1488958]
	Ordinal0 [0x0149ED0D+2223373]
	Ordinal0 [0x014AA12B+2269483]
	Ordinal0 [0x014AA26F+2269807]
	Ordinal0 [0x014BECB8+2354360]
	BaseThreadInitThunk [0x76D9343D+18]
	RtlInitializeExceptionChain [0x77819802+99]
	RtlInitializeExceptionChain [0x778197D5+54]
">
      <![CDATA[org.openqa.selenium.SessionNotCreatedException: session not created
from disconnected: received Inspector.detached event
  (Session info: chrome=87.0.4280.141)
Build info: version: '3.141.59', revision: 'e82be7d358', time: '2018-11-14T08:17:03'
System info: host: 'ABDOU-PC', ip: '169.254.158.117', os.name: 'Windows 7', os.arch: 'amd64', os.version: '6.1', java.version: '1.8.0_131'
Driver info: driver.version: ChromeDriver
remote stacktrace: Backtrace:
Ordinal0 [0x015AC0C3+3326147]
Ordinal0 [0x01490851+2164817]
Ordinal0 [0x01317298+619160]
Ordinal0 [0x0130BD04+572676]
Ordinal0 [0x0130BA18+571928]
Ordinal0 [0x0130B0C1+569537]
Ordinal0 [0x0130A421+566305]
Ordinal0 [0x0130A815+567317]
Ordinal0 [0x0130A135+565557]
Ordinal0 [0x013138B1+604337]
Ordinal0 [0x0130A0F1+565489]
Ordinal0 [0x0130AEA2+568994]
Ordinal0 [0x0130A421+566305]
Ordinal0 [0x0130A815+567317]
Ordinal0 [0x0130A135+565557]
Ordinal0 [0x01311D2C+597292]
Ordinal0 [0x0130A0F1+565489]
Ordinal0 [0x0130AEA2+568994]
Ordinal0 [0x0130A421+566305]
Ordinal0 [0x0130A815+567317]
Ordinal0 [0x0130A135+565557]
Ordinal0 [0x0130FE62+589410]
Ordinal0 [0x0130A0F1+565489]
Ordinal0 [0x0130AEA2+568994]
Ordinal0 [0x0130A421+566305]
Ordinal0 [0x0130A815+567317]
Ordinal0 [0x0130A135+565557]
Ordinal0 [0x0130F075+585845]
Ordinal0 [0x0130A0F1+565489]
Ordinal0 [0x0130AEA2+568994]
Ordinal0 [0x0130A421+566305]
Ordinal0 [0x0130A815+567317]
Ordinal0 [0x0130A135+565557]
Ordinal0 [0x01306776+550774]
Ordinal0 [0x0130A0F1+565489]
Ordinal0 [0x01309F13+565011]
Ordinal0 [0x01309D07+564487]
Ordinal0 [0x013182C0+623296]
Ordinal0 [0x012B6BDD+224221]
Ordinal0 [0x012B5CAC+220332]
Ordinal0 [0x012B189B+202907]
Ordinal0 [0x01293DF4+81396]
Ordinal0 [0x01294DEE+85486]
Ordinal0 [0x01294D79+85369]
Ordinal0 [0x014A85DC+2262492]
GetHandleVerifier [0x01732874+1487204]
GetHandleVerifier [0x017323CD+1486013]
GetHandleVerifier [0x0173A368+1518680]
GetHandleVerifier [0x01732F4E+1488958]
Ordinal0 [0x0149ED0D+2223373]
Ordinal0 [0x014AA12B+2269483]
Ordinal0 [0x014AA26F+2269807]
Ordinal0 [0x014BECB8+2354360]
BaseThreadInitThunk [0x76D9343D+18]
RtlInitializeExceptionChain [0x77819802+99]
RtlInitializeExceptionChain [0x778197D5+54]

at sun.reflect.NativeConstructorAccessorImpl.newInstance0(Native Method)
at sun.reflect.NativeConstructorAccessorImpl.newInstance(Unknown Source)
at sun.reflect.DelegatingConstructorAccessorImpl.newInstance(Unknown Source)
at java.lang.reflect.Constructor.newInstance(Unknown Source)
at org.openqa.selenium.remote.W3CHandshakeResponse.lambda$errorHandler$0(W3CHandshakeResponse.java:62)
at org.openqa.selenium.remote.HandshakeResponse.lambda$getResponseFunction$0(HandshakeResponse.java:30)
at org.openqa.selenium.remote.ProtocolHandshake.lambda$createSession$0(ProtocolHandshake.java:126)
at java.util.stream.ReferencePipeline$3$1.accept(Unknown Source)
at java.util.Spliterators$ArraySpliterator.tryAdvance(Unknown Source)
at java.util.stream.ReferencePipeline.forEachWithCancel(Unknown Source)
at java.util.stream.AbstractPipeline.copyIntoWithCancel(Unknown Source)
at java.util.stream.AbstractPipeline.copyInto(Unknown Source)
at java.util.stream.AbstractPipeline.wrapAndCopyInto(Unknown Source)
at java.util.stream.FindOps$FindOp.evaluateSequential(Unknown Source)
at java.util.stream.AbstractPipeline.evaluate(Unknown Source)
at java.util.stream.ReferencePipeline.findFirst(Unknown Source)
at org.openqa.selenium.remote.ProtocolHandshake.createSession(ProtocolHandshake.java:128)
at org.openqa.selenium.remote.ProtocolHandshake.createSession(ProtocolHandshake.java:74)
at org.openqa.selenium.remote.HttpCommandExecutor.execute(HttpCommandExecutor.java:136)
at org.openqa.selenium.remote.service.DriverCommandExecutor.execute(DriverCommandExecutor.java:83)
at org.openqa.selenium.remote.RemoteWebDriver.execute(RemoteWebDriver.java:552)
at org.openqa.selenium.remote.RemoteWebDriver.startSession(RemoteWebDriver.java:213)
at org.openqa.selenium.remote.RemoteWebDriver.<init>(RemoteWebDriver.java:131)
at org.openqa.selenium.chrome.ChromeDriver.<init>(ChromeDriver.java:181)
at org.openqa.selenium.chrome.ChromeDriver.<init>(ChromeDriver.java:168)
at org.openqa.selenium.chrome.ChromeDriver.<init>(ChromeDriver.java:123)
at base.BaseTests.initialize_driver(BaseTests.java:23)
at base.BaseTests.setUp(BaseTests.java:53)
at sun.reflect.NativeMethodAccessorImpl.invoke0(Native Method)
at sun.reflect.NativeMethodAccessorImpl.invoke(Unknown Source)
at sun.reflect.DelegatingMethodAccessorImpl.invoke(Unknown Source)
at java.lang.reflect.Method.invoke(Unknown Source)
at org.testng.internal.MethodInvocationHelper.invokeMethod(MethodInvocationHelper.java:133)
at org.testng.internal.MethodInvocationHelper.invokeMethodConsideringTimeout(MethodInvocationHelper.java:62)
at org.testng.internal.ConfigInvoker.invokeConfigurationMethod(ConfigInvoker.java:340)
at org.testng.internal.ConfigInvoker.invokeConfigurations(ConfigInvoker.java:294)
at org.testng.internal.TestInvoker.runConfigMethods(TestInvoker.java:683)
at org.testng.internal.TestInvoker.invokeMethod(TestInvoker.java:510)
at org.testng.internal.TestInvoker.invokeTestMethod(TestInvoker.java:172)
at org.testng.internal.MethodRunner.runInSequence(MethodRunner.java:46)
at org.testng.internal.TestInvoker$MethodInvocationAgent.invoke(TestInvoker.java:804)
at org.testng.internal.TestInvoker.invokeTestMethods(TestInvoker.java:145)
at org.testng.internal.TestMethodWorker.invokeTestMethods(TestMethodWorker.java:146)
at org.testng.internal.TestMethodWorker.run(TestMethodWorker.java:128)
at java.util.ArrayList.forEach(Unknown Source)
at org.testng.TestRunner.privateRun(TestRunner.java:770)
at org.testng.TestRunner.run(TestRunner.java:591)
at org.testng.SuiteRunner.runTest(SuiteRunner.java:402)
at org.testng.SuiteRunner.runSequentially(SuiteRunner.java:396)
at org.testng.SuiteRunner.privateRun(SuiteRunner.java:355)
at org.testng.SuiteRunner.run(SuiteRunner.java:304)
at org.testng.SuiteRunnerWorker.runSuite(SuiteRunnerWorker.java:53)
at org.testng.SuiteRunnerWorker.run(SuiteRunnerWorker.java:96)
at org.testng.TestNG.runSuitesSequentially(TestNG.java:1180)
at org.testng.TestNG.runSuitesLocally(TestNG.java:1102)
at org.testng.TestNG.runSuites(TestNG.java:1032)
at org.testng.TestNG.run(TestNG.java:1000)
at org.testng.remote.AbstractRemoteTestNG.run(AbstractRemoteTestNG.java:115)
at org.testng.remote.RemoteTestNG.initAndRun(RemoteTestNG.java:251)
at org.testng.remote.RemoteTestNG.main(RemoteTestNG.java:77)
]]>
    </error>
  </testcase> <!-- setUp -->
  <testcase name="test1" time="0.000" classname="test.Test1">
    <skipped/>
  </testcase> <!-- test1 -->
  <testcase name="test2" time="0.000" classname="test.Test1">
    <skipped/>
  </testcase> <!-- test2 -->
  <testcase name="test3" time="0.000" classname="test.Test1">
    <skipped/>
  </testcase> <!-- test3 -->
  <testcase name="test4" time="0.000" classname="test.Test1">
    <skipped/>
  </testcase> <!-- test4 -->
</testsuite> <!-- test.Test1 -->
